2025-05-19 11:20:38,433 - __main__ - INFO - Starting Phase 2 pipeline
2025-05-19 11:20:38,433 - __main__ - INFO - Running GAN-based transit augmentation
2025-05-19 11:20:43,924 - gan_module - INFO - Using device: cpu
2025-05-19 11:20:43,924 - gan_module - INFO - Found 17 transit window files in C:\Users\rehan\Documents\ExoDetector\data\transit_windows
2025-05-19 11:20:43,924 - gan_module - INFO - TransitDataset initialized with 17 files (list)
2025-05-19 11:20:45,076 - gan_module - INFO - Starting GAN pipeline
2025-05-19 11:20:45,076 - gan_module - INFO - Starting GAN training for 100 epochs
2025-05-19 11:20:48,097 - gan_module - INFO - [1/100][0/1] Loss_D: 1.5331 Loss_G: 0.8538 D(x): 0.4172 D(G(z)): 0.4683/0.4263 Acc: 0.4706
2025-05-19 11:20:51,027 - gan_module - INFO - [2/100][0/1] Loss_D: 1.5259 Loss_G: 0.7389 D(x): 0.4122 D(G(z)): 0.4618/0.4927 Acc: 0.3235
2025-05-19 11:20:54,038 - gan_module - INFO - [3/100][0/1] Loss_D: 1.4268 Loss_G: 0.7798 D(x): 0.4489 D(G(z)): 0.4488/0.4594 Acc: 0.5294
2025-05-19 11:20:56,896 - gan_module - INFO - [4/100][0/1] Loss_D: 1.4288 Loss_G: 0.8305 D(x): 0.4906 D(G(z)): 0.4836/0.4348 Acc: 0.5294
2025-05-19 11:20:59,877 - gan_module - INFO - [5/100][0/1] Loss_D: 1.4370 Loss_G: 0.8640 D(x): 0.4711 D(G(z)): 0.4634/0.4300 Acc: 0.4412
2025-05-19 11:21:02,790 - gan_module - INFO - [6/100][0/1] Loss_D: 1.4279 Loss_G: 0.7813 D(x): 0.4869 D(G(z)): 0.4748/0.4526 Acc: 0.5588
2025-05-19 11:21:05,706 - gan_module - INFO - [7/100][0/1] Loss_D: 1.4718 Loss_G: 0.7515 D(x): 0.4556 D(G(z)): 0.4702/0.4773 Acc: 0.5294
2025-05-19 11:21:08,615 - gan_module - INFO - [8/100][0/1] Loss_D: 1.3486 Loss_G: 0.8553 D(x): 0.5209 D(G(z)): 0.4533/0.4256 Acc: 0.6176
2025-05-19 11:21:11,523 - gan_module - INFO - [9/100][0/1] Loss_D: 1.3818 Loss_G: 0.8023 D(x): 0.4689 D(G(z)): 0.4387/0.4714 Acc: 0.4706
2025-05-19 11:21:14,560 - gan_module - INFO - [10/100][0/1] Loss_D: 1.3526 Loss_G: 0.8250 D(x): 0.5448 D(G(z)): 0.4973/0.4391 Acc: 0.7059
2025-05-19 11:21:15,050 - gan_module - INFO - Saved models at epoch 10
2025-05-19 11:21:16,428 - gan_module - INFO - Validating 10 synthetic samples
2025-05-19 11:21:17,764 - gan_module - INFO - Validation metrics: {'mean_transit_depth': 0.0051319533959031105, 'std_transit_depth': 0.11877994239330292, 'mean_std_flux': 0.0924961194396019, 'max_std_flux': 0.15252357721328735}
2025-05-19 11:21:20,289 - gan_module - INFO - [11/100][0/1] Loss_D: 1.2489 Loss_G: 0.8595 D(x): 0.5248 D(G(z)): 0.4095/0.4263 Acc: 0.5588
2025-05-19 11:21:23,291 - gan_module - INFO - [12/100][0/1] Loss_D: 1.2513 Loss_G: 0.8963 D(x): 0.5544 D(G(z)): 0.4227/0.4040 Acc: 0.8235
2025-05-19 11:21:26,259 - gan_module - INFO - [13/100][0/1] Loss_D: 1.2283 Loss_G: 0.8763 D(x): 0.5753 D(G(z)): 0.4394/0.4047 Acc: 0.8529
2025-05-19 11:21:29,282 - gan_module - INFO - [14/100][0/1] Loss_D: 1.1503 Loss_G: 0.8974 D(x): 0.5722 D(G(z)): 0.3821/0.4069 Acc: 0.8235
2025-05-19 11:21:32,238 - gan_module - INFO - [15/100][0/1] Loss_D: 1.2038 Loss_G: 0.8308 D(x): 0.5869 D(G(z)): 0.4273/0.4330 Acc: 0.7941
2025-05-19 11:21:35,152 - gan_module - INFO - [16/100][0/1] Loss_D: 1.2748 Loss_G: 0.9558 D(x): 0.5444 D(G(z)): 0.4292/0.3781 Acc: 0.7647
2025-05-19 11:21:38,156 - gan_module - INFO - [17/100][0/1] Loss_D: 1.1326 Loss_G: 0.7852 D(x): 0.6137 D(G(z)): 0.4079/0.4622 Acc: 0.6765
2025-05-19 11:21:41,205 - gan_module - INFO - [18/100][0/1] Loss_D: 1.2153 Loss_G: 0.8153 D(x): 0.5962 D(G(z)): 0.4377/0.4468 Acc: 0.6471
2025-05-19 11:21:44,113 - gan_module - INFO - [19/100][0/1] Loss_D: 1.2174 Loss_G: 0.7745 D(x): 0.5919 D(G(z)): 0.4433/0.4690 Acc: 0.6471
2025-05-19 11:21:47,063 - gan_module - INFO - [20/100][0/1] Loss_D: 1.2414 Loss_G: 0.8669 D(x): 0.6197 D(G(z)): 0.4783/0.4236 Acc: 0.7059
2025-05-19 11:21:47,503 - gan_module - INFO - Saved models at epoch 20
2025-05-19 11:21:48,288 - gan_module - INFO - Validating 10 synthetic samples
2025-05-19 11:21:49,622 - gan_module - INFO - Validation metrics: {'mean_transit_depth': 0.002094005001708865, 'std_transit_depth': 0.11898404359817505, 'mean_std_flux': 0.09039482474327087, 'max_std_flux': 0.1602116972208023}
2025-05-19 11:21:52,147 - gan_module - INFO - [21/100][0/1] Loss_D: 1.2679 Loss_G: 0.7864 D(x): 0.5956 D(G(z)): 0.4781/0.4549 Acc: 0.7353
2025-05-19 11:21:55,118 - gan_module - INFO - [22/100][0/1] Loss_D: 1.1671 Loss_G: 0.7698 D(x): 0.5905 D(G(z)): 0.4198/0.4695 Acc: 0.7647
2025-05-19 11:21:58,287 - gan_module - INFO - [23/100][0/1] Loss_D: 1.1939 Loss_G: 0.8135 D(x): 0.6356 D(G(z)): 0.4519/0.4519 Acc: 0.7353
2025-05-19 11:22:01,480 - gan_module - INFO - [24/100][0/1] Loss_D: 1.2618 Loss_G: 0.8831 D(x): 0.6218 D(G(z)): 0.4858/0.4200 Acc: 0.7353
2025-05-19 11:22:04,728 - gan_module - INFO - [25/100][0/1] Loss_D: 1.2790 Loss_G: 0.8005 D(x): 0.6045 D(G(z)): 0.4960/0.4480 Acc: 0.7647
2025-05-19 11:22:07,959 - gan_module - INFO - [26/100][0/1] Loss_D: 1.2685 Loss_G: 0.7607 D(x): 0.5947 D(G(z)): 0.4828/0.4817 Acc: 0.6471
2025-05-19 11:22:11,222 - gan_module - INFO - [27/100][0/1] Loss_D: 1.1324 Loss_G: 0.7833 D(x): 0.6202 D(G(z)): 0.4145/0.4569 Acc: 0.7941
2025-05-19 11:22:14,554 - gan_module - INFO - [28/100][0/1] Loss_D: 1.3002 Loss_G: 0.7933 D(x): 0.5939 D(G(z)): 0.5104/0.4598 Acc: 0.7353
2025-05-19 11:22:17,776 - gan_module - INFO - [29/100][0/1] Loss_D: 1.0705 Loss_G: 0.7882 D(x): 0.6697 D(G(z)): 0.4078/0.4569 Acc: 0.8235
2025-05-19 11:22:20,984 - gan_module - INFO - [30/100][0/1] Loss_D: 1.1671 Loss_G: 0.8073 D(x): 0.6834 D(G(z)): 0.4787/0.4467 Acc: 0.8235
2025-05-19 11:22:21,519 - gan_module - INFO - Saved models at epoch 30
2025-05-19 11:22:23,093 - gan_module - INFO - Validating 10 synthetic samples
2025-05-19 11:22:25,109 - gan_module - INFO - Validation metrics: {'mean_transit_depth': 0.0059068514965474606, 'std_transit_depth': 0.12832307815551758, 'mean_std_flux': 0.09268586337566376, 'max_std_flux': 0.17516352236270905}
2025-05-19 11:22:27,907 - gan_module - INFO - [31/100][0/1] Loss_D: 1.1815 Loss_G: 0.7692 D(x): 0.6470 D(G(z)): 0.4691/0.4608 Acc: 0.7941
2025-05-19 11:22:31,218 - gan_module - INFO - [32/100][0/1] Loss_D: 1.1479 Loss_G: 0.8384 D(x): 0.6955 D(G(z)): 0.4762/0.4416 Acc: 0.7941
2025-05-19 11:22:34,460 - gan_module - INFO - [33/100][0/1] Loss_D: 1.1076 Loss_G: 0.8151 D(x): 0.6673 D(G(z)): 0.4365/0.4564 Acc: 0.7353
2025-05-19 11:22:37,701 - gan_module - INFO - [34/100][0/1] Loss_D: 1.0865 Loss_G: 0.7623 D(x): 0.7152 D(G(z)): 0.4520/0.4766 Acc: 0.7647
2025-05-19 11:22:40,963 - gan_module - INFO - [35/100][0/1] Loss_D: 1.2414 Loss_G: 0.7924 D(x): 0.6404 D(G(z)): 0.4983/0.4539 Acc: 0.8235
2025-05-19 11:22:44,192 - gan_module - INFO - [36/100][0/1] Loss_D: 1.1725 Loss_G: 0.8640 D(x): 0.6612 D(G(z)): 0.4732/0.4178 Acc: 0.7941
2025-05-19 11:22:47,350 - gan_module - INFO - [37/100][0/1] Loss_D: 1.1203 Loss_G: 0.8143 D(x): 0.6718 D(G(z)): 0.4455/0.4490 Acc: 0.7941
2025-05-19 11:22:50,621 - gan_module - INFO - [38/100][0/1] Loss_D: 1.0566 Loss_G: 0.8680 D(x): 0.6866 D(G(z)): 0.4155/0.4201 Acc: 0.8235
2025-05-19 11:22:53,898 - gan_module - INFO - [39/100][0/1] Loss_D: 1.1242 Loss_G: 0.8233 D(x): 0.6342 D(G(z)): 0.4165/0.4413 Acc: 0.7647
2025-05-19 11:22:57,134 - gan_module - INFO - [40/100][0/1] Loss_D: 1.1775 Loss_G: 0.8091 D(x): 0.7016 D(G(z)): 0.5018/0.4542 Acc: 0.7941
2025-05-19 11:22:57,668 - gan_module - INFO - Saved models at epoch 40
2025-05-19 11:22:58,983 - gan_module - INFO - Validating 10 synthetic samples
2025-05-19 11:23:01,356 - gan_module - INFO - Validation metrics: {'mean_transit_depth': 0.002707201521843672, 'std_transit_depth': 0.14597660303115845, 'mean_std_flux': 0.09655465930700302, 'max_std_flux': 0.17455661296844482}
2025-05-19 11:23:04,091 - gan_module - INFO - [41/100][0/1] Loss_D: 1.1344 Loss_G: 0.8955 D(x): 0.6516 D(G(z)): 0.4423/0.4010 Acc: 0.8824
2025-05-19 11:23:07,327 - gan_module - INFO - [42/100][0/1] Loss_D: 1.1467 Loss_G: 0.8088 D(x): 0.6700 D(G(z)): 0.4633/0.4534 Acc: 0.7941
2025-05-19 11:23:10,636 - gan_module - INFO - [43/100][0/1] Loss_D: 1.1493 Loss_G: 0.8387 D(x): 0.6510 D(G(z)): 0.4511/0.4316 Acc: 0.8235
2025-05-19 11:23:13,923 - gan_module - INFO - [44/100][0/1] Loss_D: 1.0971 Loss_G: 0.9085 D(x): 0.7002 D(G(z)): 0.4393/0.3989 Acc: 0.8824
2025-05-19 11:23:17,232 - gan_module - INFO - [45/100][0/1] Loss_D: 1.0087 Loss_G: 0.9566 D(x): 0.6836 D(G(z)): 0.3592/0.3854 Acc: 0.8824
2025-05-19 11:23:20,363 - gan_module - INFO - [46/100][0/1] Loss_D: 1.0602 Loss_G: 0.9460 D(x): 0.6696 D(G(z)): 0.4061/0.3762 Acc: 0.9412
2025-05-19 11:23:23,537 - gan_module - INFO - [47/100][0/1] Loss_D: 1.0462 Loss_G: 0.7827 D(x): 0.6945 D(G(z)): 0.4090/0.4607 Acc: 0.9118
2025-05-19 11:23:26,567 - gan_module - INFO - [48/100][0/1] Loss_D: 1.0542 Loss_G: 0.7659 D(x): 0.7142 D(G(z)): 0.4290/0.4689 Acc: 0.8529
2025-05-19 11:23:29,518 - gan_module - INFO - [49/100][0/1] Loss_D: 1.1324 Loss_G: 0.8126 D(x): 0.6748 D(G(z)): 0.4564/0.4442 Acc: 0.8235
2025-05-19 11:23:32,470 - gan_module - INFO - [50/100][0/1] Loss_D: 1.1555 Loss_G: 0.8772 D(x): 0.6653 D(G(z)): 0.4505/0.4088 Acc: 0.8529
2025-05-19 11:23:32,923 - gan_module - INFO - Saved models at epoch 50
2025-05-19 11:23:33,707 - gan_module - INFO - Validating 10 synthetic samples
2025-05-19 11:23:35,007 - gan_module - INFO - Validation metrics: {'mean_transit_depth': 0.005605907645076513, 'std_transit_depth': 0.16353750228881836, 'mean_std_flux': 0.0868787094950676, 'max_std_flux': 0.13538135588169098}
2025-05-19 11:23:37,622 - gan_module - INFO - [51/100][0/1] Loss_D: 1.1043 Loss_G: 0.8364 D(x): 0.6588 D(G(z)): 0.4327/0.4412 Acc: 0.7059
2025-05-19 11:23:40,582 - gan_module - INFO - [52/100][0/1] Loss_D: 1.0836 Loss_G: 0.9363 D(x): 0.6817 D(G(z)): 0.4303/0.3852 Acc: 0.9118
2025-05-19 11:23:43,519 - gan_module - INFO - [53/100][0/1] Loss_D: 1.1726 Loss_G: 0.9179 D(x): 0.6381 D(G(z)): 0.4554/0.3935 Acc: 0.8529
2025-05-19 11:23:46,446 - gan_module - INFO - [54/100][0/1] Loss_D: 1.0960 Loss_G: 0.9023 D(x): 0.6513 D(G(z)): 0.4142/0.3967 Acc: 0.8529
2025-05-19 11:23:49,333 - gan_module - INFO - [55/100][0/1] Loss_D: 1.0031 Loss_G: 0.9268 D(x): 0.7054 D(G(z)): 0.3840/0.3921 Acc: 0.9412
2025-05-19 11:23:52,285 - gan_module - INFO - [56/100][0/1] Loss_D: 1.0451 Loss_G: 0.8157 D(x): 0.6971 D(G(z)): 0.3981/0.4433 Acc: 0.7941
2025-05-19 11:23:55,426 - gan_module - INFO - [57/100][0/1] Loss_D: 1.1511 Loss_G: 0.8900 D(x): 0.6671 D(G(z)): 0.4486/0.4158 Acc: 0.7941
2025-05-19 11:23:58,392 - gan_module - INFO - [58/100][0/1] Loss_D: 1.0959 Loss_G: 0.9135 D(x): 0.6723 D(G(z)): 0.4172/0.4005 Acc: 0.9118
2025-05-19 11:24:01,360 - gan_module - INFO - [59/100][0/1] Loss_D: 1.0310 Loss_G: 0.9200 D(x): 0.6941 D(G(z)): 0.4029/0.3986 Acc: 0.8824
2025-05-19 11:24:04,349 - gan_module - INFO - [60/100][0/1] Loss_D: 1.0439 Loss_G: 0.9029 D(x): 0.6801 D(G(z)): 0.3970/0.3971 Acc: 0.9412
2025-05-19 11:24:04,810 - gan_module - INFO - Saved models at epoch 60
2025-05-19 11:24:05,740 - gan_module - INFO - Validating 10 synthetic samples
2025-05-19 11:24:07,262 - gan_module - INFO - Validation metrics: {'mean_transit_depth': 0.007598417345434427, 'std_transit_depth': 0.18973833322525024, 'mean_std_flux': 0.08806568384170532, 'max_std_flux': 0.18141749501228333}
2025-05-19 11:24:09,841 - gan_module - INFO - [61/100][0/1] Loss_D: 1.0493 Loss_G: 0.9345 D(x): 0.6286 D(G(z)): 0.3498/0.3827 Acc: 0.8529
2025-05-19 11:24:12,784 - gan_module - INFO - [62/100][0/1] Loss_D: 1.1175 Loss_G: 1.0553 D(x): 0.6888 D(G(z)): 0.4405/0.3349 Acc: 0.9706
2025-05-19 11:24:16,011 - gan_module - INFO - [63/100][0/1] Loss_D: 1.0372 Loss_G: 0.9993 D(x): 0.6818 D(G(z)): 0.3929/0.3568 Acc: 0.9412
2025-05-19 11:24:19,146 - gan_module - INFO - [64/100][0/1] Loss_D: 0.9605 Loss_G: 0.9182 D(x): 0.7116 D(G(z)): 0.3482/0.3953 Acc: 0.9118
2025-05-19 11:24:22,152 - gan_module - INFO - [65/100][0/1] Loss_D: 1.0330 Loss_G: 0.9630 D(x): 0.6546 D(G(z)): 0.3730/0.3798 Acc: 0.9118
2025-05-19 11:24:25,281 - gan_module - INFO - [66/100][0/1] Loss_D: 1.0413 Loss_G: 0.9215 D(x): 0.7009 D(G(z)): 0.4115/0.3923 Acc: 0.8824
2025-05-19 11:24:28,300 - gan_module - INFO - [67/100][0/1] Loss_D: 1.0573 Loss_G: 0.9288 D(x): 0.7101 D(G(z)): 0.4271/0.3992 Acc: 0.9412
2025-05-19 11:24:31,170 - gan_module - INFO - [68/100][0/1] Loss_D: 0.9601 Loss_G: 1.0277 D(x): 0.7092 D(G(z)): 0.3601/0.3451 Acc: 1.0000
2025-05-19 11:24:34,143 - gan_module - INFO - [69/100][0/1] Loss_D: 1.0188 Loss_G: 1.0357 D(x): 0.7167 D(G(z)): 0.4051/0.3376 Acc: 0.9412
2025-05-19 11:24:37,121 - gan_module - INFO - [70/100][0/1] Loss_D: 1.0714 Loss_G: 1.0118 D(x): 0.6440 D(G(z)): 0.3956/0.3626 Acc: 0.9412
2025-05-19 11:24:37,576 - gan_module - INFO - Saved models at epoch 70
2025-05-19 11:24:38,369 - gan_module - INFO - Validating 10 synthetic samples
2025-05-19 11:24:39,777 - gan_module - INFO - Validation metrics: {'mean_transit_depth': 0.009342370554804802, 'std_transit_depth': 0.21538713574409485, 'mean_std_flux': 0.08803114295005798, 'max_std_flux': 0.15114335715770721}
2025-05-19 11:24:42,345 - gan_module - INFO - [71/100][0/1] Loss_D: 1.0280 Loss_G: 1.0448 D(x): 0.6678 D(G(z)): 0.3708/0.3499 Acc: 0.9118
2025-05-19 11:24:45,254 - gan_module - INFO - [72/100][0/1] Loss_D: 1.0588 Loss_G: 0.8447 D(x): 0.7018 D(G(z)): 0.4102/0.4229 Acc: 0.8235
2025-05-19 11:24:48,237 - gan_module - INFO - [73/100][0/1] Loss_D: 1.0655 Loss_G: 1.0189 D(x): 0.6709 D(G(z)): 0.4012/0.3565 Acc: 0.9118
2025-05-19 11:24:51,171 - gan_module - INFO - [74/100][0/1] Loss_D: 1.0025 Loss_G: 1.0156 D(x): 0.6865 D(G(z)): 0.3774/0.3500 Acc: 0.9412
2025-05-19 11:24:54,251 - gan_module - INFO - [75/100][0/1] Loss_D: 1.0369 Loss_G: 0.9644 D(x): 0.6672 D(G(z)): 0.3824/0.3890 Acc: 0.7941
2025-05-19 11:24:57,186 - gan_module - INFO - [76/100][0/1] Loss_D: 0.9747 Loss_G: 1.0730 D(x): 0.6755 D(G(z)): 0.3339/0.3347 Acc: 0.9706
2025-05-19 11:25:00,199 - gan_module - INFO - [77/100][0/1] Loss_D: 1.0292 Loss_G: 1.0614 D(x): 0.6739 D(G(z)): 0.3822/0.3404 Acc: 0.9706
2025-05-19 11:25:03,139 - gan_module - INFO - [78/100][0/1] Loss_D: 1.0585 Loss_G: 0.9398 D(x): 0.6330 D(G(z)): 0.3563/0.3969 Acc: 0.7941
2025-05-19 11:25:06,110 - gan_module - INFO - [79/100][0/1] Loss_D: 0.9604 Loss_G: 0.9071 D(x): 0.6992 D(G(z)): 0.3453/0.4020 Acc: 0.9118
2025-05-19 11:25:09,037 - gan_module - INFO - [80/100][0/1] Loss_D: 1.0051 Loss_G: 0.9423 D(x): 0.6505 D(G(z)): 0.3376/0.3942 Acc: 0.8529
2025-05-19 11:25:09,498 - gan_module - INFO - Saved models at epoch 80
2025-05-19 11:25:10,280 - gan_module - INFO - Validating 10 synthetic samples
2025-05-19 11:25:11,575 - gan_module - INFO - Validation metrics: {'mean_transit_depth': 0.012284284457564354, 'std_transit_depth': 0.2497669756412506, 'mean_std_flux': 0.08679506927728653, 'max_std_flux': 0.15822359919548035}
2025-05-19 11:25:14,034 - gan_module - INFO - [81/100][0/1] Loss_D: 1.0546 Loss_G: 1.1050 D(x): 0.6679 D(G(z)): 0.3897/0.3293 Acc: 0.9118
2025-05-19 11:25:17,023 - gan_module - INFO - [82/100][0/1] Loss_D: 1.0286 Loss_G: 0.8854 D(x): 0.6852 D(G(z)): 0.3879/0.4033 Acc: 0.9118
2025-05-19 11:25:19,939 - gan_module - INFO - [83/100][0/1] Loss_D: 0.9369 Loss_G: 1.0078 D(x): 0.7268 D(G(z)): 0.3540/0.3556 Acc: 0.9706
2025-05-19 11:25:22,891 - gan_module - INFO - [84/100][0/1] Loss_D: 1.0039 Loss_G: 0.9627 D(x): 0.6969 D(G(z)): 0.3709/0.3728 Acc: 0.9118
2025-05-19 11:25:25,990 - gan_module - INFO - [85/100][0/1] Loss_D: 0.9895 Loss_G: 1.0406 D(x): 0.6747 D(G(z)): 0.3536/0.3463 Acc: 0.9412
2025-05-19 11:25:28,922 - gan_module - INFO - [86/100][0/1] Loss_D: 0.9457 Loss_G: 1.0306 D(x): 0.7046 D(G(z)): 0.3291/0.3478 Acc: 0.9118
2025-05-19 11:25:31,876 - gan_module - INFO - [87/100][0/1] Loss_D: 0.9884 Loss_G: 0.9819 D(x): 0.6922 D(G(z)): 0.3667/0.3704 Acc: 0.9118
2025-05-19 11:25:34,820 - gan_module - INFO - [88/100][0/1] Loss_D: 0.9984 Loss_G: 0.9045 D(x): 0.6757 D(G(z)): 0.3602/0.3968 Acc: 0.9118
2025-05-19 11:25:37,784 - gan_module - INFO - [89/100][0/1] Loss_D: 1.0268 Loss_G: 1.0558 D(x): 0.6795 D(G(z)): 0.3870/0.3414 Acc: 0.9412
2025-05-19 11:25:40,696 - gan_module - INFO - [90/100][0/1] Loss_D: 0.9990 Loss_G: 1.1003 D(x): 0.6677 D(G(z)): 0.3426/0.3116 Acc: 0.9412
2025-05-19 11:25:41,146 - gan_module - INFO - Saved models at epoch 90
2025-05-19 11:25:42,060 - gan_module - INFO - Validating 10 synthetic samples
2025-05-19 11:25:43,361 - gan_module - INFO - Validation metrics: {'mean_transit_depth': 0.012200050055980682, 'std_transit_depth': 0.2721738815307617, 'mean_std_flux': 0.08577832579612732, 'max_std_flux': 0.1519162654876709}
2025-05-19 11:25:45,773 - gan_module - INFO - [91/100][0/1] Loss_D: 1.0194 Loss_G: 1.0804 D(x): 0.6678 D(G(z)): 0.3686/0.3397 Acc: 0.8824
2025-05-19 11:25:48,816 - gan_module - INFO - [92/100][0/1] Loss_D: 0.9949 Loss_G: 0.9702 D(x): 0.7060 D(G(z)): 0.3791/0.3832 Acc: 0.8529
2025-05-19 11:25:51,725 - gan_module - INFO - [93/100][0/1] Loss_D: 1.0077 Loss_G: 1.1587 D(x): 0.6804 D(G(z)): 0.3672/0.3036 Acc: 0.9412
2025-05-19 11:25:54,658 - gan_module - INFO - [94/100][0/1] Loss_D: 1.0071 Loss_G: 1.1049 D(x): 0.6711 D(G(z)): 0.3469/0.3232 Acc: 0.9118
2025-05-19 11:25:57,597 - gan_module - INFO - [95/100][0/1] Loss_D: 1.0578 Loss_G: 0.8790 D(x): 0.6684 D(G(z)): 0.3934/0.4113 Acc: 0.8824
2025-05-19 11:26:00,534 - gan_module - INFO - [96/100][0/1] Loss_D: 1.0972 Loss_G: 0.9381 D(x): 0.6673 D(G(z)): 0.4349/0.3910 Acc: 0.8235
2025-05-19 11:26:03,495 - gan_module - INFO - [97/100][0/1] Loss_D: 1.0059 Loss_G: 1.0093 D(x): 0.6763 D(G(z)): 0.3602/0.3641 Acc: 0.8529
2025-05-19 11:26:06,403 - gan_module - INFO - [98/100][0/1] Loss_D: 1.0132 Loss_G: 0.9431 D(x): 0.6410 D(G(z)): 0.3391/0.3844 Acc: 0.8529
2025-05-19 11:26:09,331 - gan_module - INFO - [99/100][0/1] Loss_D: 0.9574 Loss_G: 1.0303 D(x): 0.6678 D(G(z)): 0.3127/0.3503 Acc: 0.9706
2025-05-19 11:26:12,327 - gan_module - INFO - [100/100][0/1] Loss_D: 1.0484 Loss_G: 1.0597 D(x): 0.6648 D(G(z)): 0.3868/0.3317 Acc: 0.9412
2025-05-19 11:26:12,789 - gan_module - INFO - Saved models at epoch 100
2025-05-19 11:26:13,548 - gan_module - INFO - Validating 10 synthetic samples
2025-05-19 11:26:14,954 - gan_module - INFO - Validation metrics: {'mean_transit_depth': 0.012140566483139992, 'std_transit_depth': 0.3096114695072174, 'mean_std_flux': 0.08392447233200073, 'max_std_flux': 0.13967418670654297}
2025-05-19 11:26:14,954 - gan_module - INFO - GAN training completed
2025-05-19 11:26:14,954 - gan_module - INFO - Generating 1000 synthetic transit samples
2025-05-19 11:26:14,998 - gan_module - INFO - Loaded models from epoch 100
2025-05-19 11:26:15,521 - gan_module - INFO - Generated 1000 synthetic transit samples
2025-05-19 11:26:15,521 - gan_module - INFO - Validating 10 synthetic samples
2025-05-19 11:26:16,850 - gan_module - INFO - Validation metrics: {'mean_transit_depth': 0.0110012236982584, 'std_transit_depth': 0.30972498655319214, 'mean_std_flux': 0.07864417135715485, 'max_std_flux': 0.14506104588508606}
2025-05-19 11:26:16,850 - gan_module - INFO - GAN pipeline completed
2025-05-19 11:26:16,850 - gan_module - INFO - Pipeline results: {'training_stats': {'num_epochs': 100, 'final_G_loss': 1.0596811771392822, 'final_D_loss': 1.0484066009521484, 'final_D_accuracy': 0.9411764740943909}, 'synthetic_dataset': {'num_samples': 1000}, 'validation_results': {'mean_transit_depth': 0.0110012236982584, 'std_transit_depth': 0.30972498655319214, 'mean_std_flux': 0.07864417135715485, 'max_std_flux': 0.14506104588508606}}
2025-05-19 11:26:16,850 - __main__ - INFO - Phase 2 pipeline completed
