2025-05-19 07:58:26,838 - __main__ - INFO - Starting Phase 2 pipeline
2025-05-19 07:58:26,838 - __main__ - INFO - Running GAN-based transit augmentation
2025-05-19 07:58:28,492 - gan_module - INFO - Using device: cpu
2025-05-19 07:58:28,492 - gan_module - INFO - Found 17 transit window files in C:\Users\rehan\Documents\ExoDetector\data\transit_windows
2025-05-19 07:58:28,492 - gan_module - INFO - TransitDataset initialized with 17 files (list)
2025-05-19 07:58:29,016 - gan_module - INFO - Starting GAN pipeline
2025-05-19 07:58:29,016 - gan_module - INFO - Starting GAN training for 100 epochs
2025-05-19 07:58:31,607 - gan_module - INFO - [1/100] Loss_D: 1.5543 Loss_G: 0.8871 D(x): 0.4172 D(G(z)): 0.4683/0.4250 Acc: 0.2353
2025-05-19 07:58:34,277 - gan_module - INFO - [2/100] Loss_D: 1.5178 Loss_G: 0.7442 D(x): 0.4232 D(G(z)): 0.4602/0.4918 Acc: 0.5294
2025-05-19 07:58:36,988 - gan_module - INFO - [3/100] Loss_D: 1.3697 Loss_G: 0.8144 D(x): 0.4714 D(G(z)): 0.4449/0.4514 Acc: 0.2353
2025-05-19 07:58:39,657 - gan_module - INFO - [4/100] Loss_D: 1.3433 Loss_G: 0.8665 D(x): 0.5268 D(G(z)): 0.4797/0.4304 Acc: 0.2941
2025-05-19 07:58:42,167 - gan_module - INFO - [5/100] Loss_D: 1.3330 Loss_G: 0.9195 D(x): 0.5151 D(G(z)): 0.4597/0.4203 Acc: 0.3529
2025-05-19 07:58:44,881 - gan_module - INFO - [6/100] Loss_D: 1.2870 Loss_G: 0.8485 D(x): 0.5429 D(G(z)): 0.4649/0.4323 Acc: 0.2353
2025-05-19 07:58:47,840 - gan_module - INFO - [7/100] Loss_D: 1.3359 Loss_G: 0.7972 D(x): 0.5161 D(G(z)): 0.4622/0.4621 Acc: 0.2353
2025-05-19 07:58:50,433 - gan_module - INFO - [8/100] Loss_D: 1.1756 Loss_G: 0.9392 D(x): 0.5888 D(G(z)): 0.4451/0.4047 Acc: 0.2353
2025-05-19 07:58:52,969 - gan_module - INFO - [9/100] Loss_D: 1.1846 Loss_G: 0.8543 D(x): 0.5473 D(G(z)): 0.4239/0.4547 Acc: 0.3529
2025-05-19 07:58:55,424 - gan_module - INFO - [10/100] Loss_D: 1.1349 Loss_G: 0.9115 D(x): 0.6326 D(G(z)): 0.4743/0.4124 Acc: 0.2941
2025-05-19 07:58:55,439 - gan_module - INFO - Saved models at epoch 10
2025-05-19 07:58:58,660 - gan_module - INFO - [11/100] Loss_D: 0.9904 Loss_G: 0.9330 D(x): 0.6610 D(G(z)): 0.4264/0.4039 Acc: 0.1176
2025-05-19 07:59:01,159 - gan_module - INFO - [12/100] Loss_D: 0.9913 Loss_G: 1.0030 D(x): 0.6339 D(G(z)): 0.3926/0.3880 Acc: 0.2353
2025-05-19 07:59:03,679 - gan_module - INFO - [13/100] Loss_D: 1.0087 Loss_G: 0.9142 D(x): 0.6493 D(G(z)): 0.4150/0.4173 Acc: 0.1765
2025-05-19 07:59:06,203 - gan_module - INFO - [14/100] Loss_D: 0.9793 Loss_G: 0.9922 D(x): 0.6729 D(G(z)): 0.4287/0.3907 Acc: 0.1765
2025-05-19 07:59:08,657 - gan_module - INFO - [15/100] Loss_D: 0.9299 Loss_G: 1.0118 D(x): 0.6858 D(G(z)): 0.4128/0.3823 Acc: 0.1765
2025-05-19 07:59:11,135 - gan_module - INFO - [16/100] Loss_D: 0.8553 Loss_G: 0.9641 D(x): 0.7184 D(G(z)): 0.3939/0.3912 Acc: 0.0588
2025-05-19 07:59:13,782 - gan_module - INFO - [17/100] Loss_D: 0.8596 Loss_G: 1.0186 D(x): 0.7055 D(G(z)): 0.3869/0.3723 Acc: 0.1176
2025-05-19 07:59:16,528 - gan_module - INFO - [18/100] Loss_D: 0.9498 Loss_G: 0.9528 D(x): 0.6789 D(G(z)): 0.4127/0.4009 Acc: 0.1765
2025-05-19 07:59:19,225 - gan_module - INFO - [19/100] Loss_D: 0.8655 Loss_G: 1.0203 D(x): 0.7069 D(G(z)): 0.3755/0.3733 Acc: 0.1176
2025-05-19 07:59:22,041 - gan_module - INFO - [20/100] Loss_D: 0.8664 Loss_G: 1.1556 D(x): 0.7049 D(G(z)): 0.3901/0.3316 Acc: 0.1176
2025-05-19 07:59:22,049 - gan_module - INFO - Saved models at epoch 20
2025-05-19 07:59:25,825 - gan_module - INFO - [21/100] Loss_D: 0.7161 Loss_G: 1.1039 D(x): 0.7515 D(G(z)): 0.3390/0.3447 Acc: 0.1765
2025-05-19 07:59:28,583 - gan_module - INFO - [22/100] Loss_D: 0.6909 Loss_G: 1.2422 D(x): 0.7562 D(G(z)): 0.3233/0.3025 Acc: 0.0000
2025-05-19 07:59:31,211 - gan_module - INFO - [23/100] Loss_D: 0.7454 Loss_G: 1.2004 D(x): 0.7334 D(G(z)): 0.3401/0.3234 Acc: 0.0588
2025-05-19 07:59:33,971 - gan_module - INFO - [24/100] Loss_D: 0.7868 Loss_G: 1.1697 D(x): 0.7284 D(G(z)): 0.3665/0.3215 Acc: 0.0588
2025-05-19 07:59:36,705 - gan_module - INFO - [25/100] Loss_D: 0.6514 Loss_G: 1.1851 D(x): 0.7774 D(G(z)): 0.3135/0.3180 Acc: 0.0000
2025-05-19 07:59:39,487 - gan_module - INFO - [26/100] Loss_D: 0.6956 Loss_G: 1.2450 D(x): 0.7774 D(G(z)): 0.3480/0.3016 Acc: 0.0000
2025-05-19 07:59:42,190 - gan_module - INFO - [27/100] Loss_D: 0.7700 Loss_G: 1.2505 D(x): 0.7295 D(G(z)): 0.3495/0.3072 Acc: 0.0588
2025-05-19 07:59:44,817 - gan_module - INFO - [28/100] Loss_D: 0.7698 Loss_G: 1.1592 D(x): 0.7732 D(G(z)): 0.3666/0.3256 Acc: 0.0000
2025-05-19 07:59:47,400 - gan_module - INFO - [29/100] Loss_D: 0.6778 Loss_G: 1.2146 D(x): 0.7853 D(G(z)): 0.3313/0.3183 Acc: 0.1176
2025-05-19 07:59:49,945 - gan_module - INFO - [30/100] Loss_D: 0.5713 Loss_G: 1.3550 D(x): 0.8022 D(G(z)): 0.2881/0.2738 Acc: 0.0000
2025-05-19 07:59:49,945 - gan_module - INFO - Saved models at epoch 30
2025-05-19 07:59:53,231 - gan_module - INFO - [31/100] Loss_D: 0.5987 Loss_G: 1.2491 D(x): 0.7937 D(G(z)): 0.2924/0.3043 Acc: 0.0588
2025-05-19 07:59:56,054 - gan_module - INFO - [32/100] Loss_D: 0.5530 Loss_G: 1.3876 D(x): 0.7854 D(G(z)): 0.2518/0.2670 Acc: 0.0588
2025-05-19 07:59:58,721 - gan_module - INFO - [33/100] Loss_D: 0.5623 Loss_G: 1.2873 D(x): 0.8028 D(G(z)): 0.2822/0.2906 Acc: 0.0000
2025-05-19 08:00:01,391 - gan_module - INFO - [34/100] Loss_D: 0.6254 Loss_G: 1.5045 D(x): 0.7939 D(G(z)): 0.3058/0.2524 Acc: 0.0000
2025-05-19 08:00:04,023 - gan_module - INFO - [35/100] Loss_D: 0.6524 Loss_G: 1.3407 D(x): 0.8079 D(G(z)): 0.3398/0.2789 Acc: 0.0000
2025-05-19 08:00:06,838 - gan_module - INFO - [36/100] Loss_D: 0.5554 Loss_G: 1.5619 D(x): 0.8114 D(G(z)): 0.2765/0.2300 Acc: 0.0000
2025-05-19 08:00:09,583 - gan_module - INFO - [37/100] Loss_D: 0.5191 Loss_G: 1.4235 D(x): 0.8239 D(G(z)): 0.2682/0.2631 Acc: 0.0000
2025-05-19 08:00:12,102 - gan_module - INFO - [38/100] Loss_D: 0.5293 Loss_G: 1.4956 D(x): 0.8391 D(G(z)): 0.2885/0.2487 Acc: 0.0000
2025-05-19 08:00:14,680 - gan_module - INFO - [39/100] Loss_D: 0.5142 Loss_G: 1.4884 D(x): 0.8079 D(G(z)): 0.2509/0.2613 Acc: 0.1176
2025-05-19 08:00:17,483 - gan_module - INFO - [40/100] Loss_D: 0.5728 Loss_G: 1.4608 D(x): 0.8122 D(G(z)): 0.2954/0.2488 Acc: 0.0000
2025-05-19 08:00:17,492 - gan_module - INFO - Saved models at epoch 40
2025-05-19 08:00:20,762 - gan_module - INFO - [41/100] Loss_D: 0.5217 Loss_G: 1.3169 D(x): 0.8394 D(G(z)): 0.2724/0.2831 Acc: 0.0588
2025-05-19 08:00:23,288 - gan_module - INFO - [42/100] Loss_D: 0.4699 Loss_G: 1.4966 D(x): 0.8436 D(G(z)): 0.2478/0.2418 Acc: 0.0588
2025-05-19 08:00:25,810 - gan_module - INFO - [43/100] Loss_D: 0.4821 Loss_G: 1.6213 D(x): 0.8315 D(G(z)): 0.2478/0.2190 Acc: 0.0000
2025-05-19 08:00:28,375 - gan_module - INFO - [44/100] Loss_D: 0.4573 Loss_G: 1.5998 D(x): 0.8433 D(G(z)): 0.2389/0.2265 Acc: 0.0588
2025-05-19 08:00:31,057 - gan_module - INFO - [45/100] Loss_D: 0.4255 Loss_G: 1.6782 D(x): 0.8505 D(G(z)): 0.2260/0.2105 Acc: 0.0000
2025-05-19 08:00:33,729 - gan_module - INFO - [46/100] Loss_D: 0.4695 Loss_G: 1.4124 D(x): 0.8541 D(G(z)): 0.2531/0.2566 Acc: 0.0000
2025-05-19 08:00:36,293 - gan_module - INFO - [47/100] Loss_D: 0.4172 Loss_G: 1.5708 D(x): 0.8540 D(G(z)): 0.2223/0.2305 Acc: 0.0000
2025-05-19 08:00:38,821 - gan_module - INFO - [48/100] Loss_D: 0.5057 Loss_G: 1.4797 D(x): 0.8450 D(G(z)): 0.2722/0.2503 Acc: 0.0000
2025-05-19 08:00:41,300 - gan_module - INFO - [49/100] Loss_D: 0.4567 Loss_G: 1.6399 D(x): 0.8537 D(G(z)): 0.2461/0.2166 Acc: 0.0000
2025-05-19 08:00:43,830 - gan_module - INFO - [50/100] Loss_D: 0.4903 Loss_G: 1.7187 D(x): 0.8665 D(G(z)): 0.2842/0.1960 Acc: 0.0000
2025-05-19 08:00:43,835 - gan_module - INFO - Saved models at epoch 50
2025-05-19 08:00:47,122 - gan_module - INFO - [51/100] Loss_D: 0.3996 Loss_G: 1.4839 D(x): 0.8693 D(G(z)): 0.2187/0.2522 Acc: 0.0000
2025-05-19 08:00:49,689 - gan_module - INFO - [52/100] Loss_D: 0.4374 Loss_G: 1.7197 D(x): 0.8625 D(G(z)): 0.2376/0.1937 Acc: 0.0000
2025-05-19 08:00:52,225 - gan_module - INFO - [53/100] Loss_D: 0.4280 Loss_G: 1.5523 D(x): 0.8811 D(G(z)): 0.2500/0.2271 Acc: 0.0000
2025-05-19 08:00:54,719 - gan_module - INFO - [54/100] Loss_D: 0.4487 Loss_G: 1.7746 D(x): 0.8593 D(G(z)): 0.2363/0.1989 Acc: 0.0000
2025-05-19 08:00:57,233 - gan_module - INFO - [55/100] Loss_D: 0.4057 Loss_G: 1.7864 D(x): 0.8581 D(G(z)): 0.2134/0.1835 Acc: 0.0000
2025-05-19 08:00:59,824 - gan_module - INFO - [56/100] Loss_D: 0.4508 Loss_G: 1.6899 D(x): 0.8705 D(G(z)): 0.2590/0.2035 Acc: 0.0000
2025-05-19 08:01:02,321 - gan_module - INFO - [57/100] Loss_D: 0.3909 Loss_G: 1.5735 D(x): 0.8717 D(G(z)): 0.2159/0.2298 Acc: 0.0588
2025-05-19 08:01:04,824 - gan_module - INFO - [58/100] Loss_D: 0.3490 Loss_G: 1.6240 D(x): 0.8770 D(G(z)): 0.1871/0.2068 Acc: 0.0000
2025-05-19 08:01:07,351 - gan_module - INFO - [59/100] Loss_D: 0.3611 Loss_G: 1.6784 D(x): 0.8682 D(G(z)): 0.1932/0.2126 Acc: 0.0000
2025-05-19 08:01:09,839 - gan_module - INFO - [60/100] Loss_D: 0.4340 Loss_G: 1.7078 D(x): 0.8645 D(G(z)): 0.2403/0.2013 Acc: 0.0000
2025-05-19 08:01:09,854 - gan_module - INFO - Saved models at epoch 60
2025-05-19 08:01:13,002 - gan_module - INFO - [61/100] Loss_D: 0.3319 Loss_G: 1.8665 D(x): 0.8829 D(G(z)): 0.1813/0.1713 Acc: 0.0000
2025-05-19 08:01:15,544 - gan_module - INFO - [62/100] Loss_D: 0.3696 Loss_G: 1.5884 D(x): 0.8844 D(G(z)): 0.2143/0.2354 Acc: 0.0588
2025-05-19 08:01:18,167 - gan_module - INFO - [63/100] Loss_D: 0.3492 Loss_G: 1.8148 D(x): 0.8643 D(G(z)): 0.1764/0.2008 Acc: 0.0588
2025-05-19 08:01:20,654 - gan_module - INFO - [64/100] Loss_D: 0.4163 Loss_G: 1.7660 D(x): 0.8577 D(G(z)): 0.2202/0.1884 Acc: 0.0000
2025-05-19 08:01:23,192 - gan_module - INFO - [65/100] Loss_D: 0.3560 Loss_G: 1.9695 D(x): 0.8813 D(G(z)): 0.1964/0.1542 Acc: 0.0000
2025-05-19 08:01:25,733 - gan_module - INFO - [66/100] Loss_D: 0.3341 Loss_G: 1.8258 D(x): 0.8625 D(G(z)): 0.1643/0.1883 Acc: 0.0588
2025-05-19 08:01:28,237 - gan_module - INFO - [67/100] Loss_D: 0.3846 Loss_G: 1.6708 D(x): 0.8590 D(G(z)): 0.1967/0.2078 Acc: 0.0000
2025-05-19 08:01:30,789 - gan_module - INFO - [68/100] Loss_D: 0.3588 Loss_G: 1.8131 D(x): 0.8719 D(G(z)): 0.1888/0.1793 Acc: 0.0000
2025-05-19 08:01:33,317 - gan_module - INFO - [69/100] Loss_D: 0.3509 Loss_G: 1.6738 D(x): 0.8837 D(G(z)): 0.1926/0.2264 Acc: 0.0588
2025-05-19 08:01:35,845 - gan_module - INFO - [70/100] Loss_D: 0.3610 Loss_G: 1.9219 D(x): 0.8866 D(G(z)): 0.2069/0.1877 Acc: 0.0588
2025-05-19 08:01:35,853 - gan_module - INFO - Saved models at epoch 70
2025-05-19 08:01:39,123 - gan_module - INFO - [71/100] Loss_D: 0.3223 Loss_G: 1.9893 D(x): 0.8737 D(G(z)): 0.1644/0.1567 Acc: 0.0000
2025-05-19 08:01:41,660 - gan_module - INFO - [72/100] Loss_D: 0.3188 Loss_G: 1.8618 D(x): 0.8958 D(G(z)): 0.1771/0.1807 Acc: 0.0000
2025-05-19 08:01:44,184 - gan_module - INFO - [73/100] Loss_D: 0.2899 Loss_G: 1.8750 D(x): 0.9055 D(G(z)): 0.1683/0.1843 Acc: 0.0000
2025-05-19 08:01:46,642 - gan_module - INFO - [74/100] Loss_D: 0.3104 Loss_G: 1.8835 D(x): 0.8879 D(G(z)): 0.1682/0.1717 Acc: 0.0000
2025-05-19 08:01:49,131 - gan_module - INFO - [75/100] Loss_D: 0.3070 Loss_G: 2.1434 D(x): 0.8941 D(G(z)): 0.1719/0.1351 Acc: 0.0000
2025-05-19 08:01:51,922 - gan_module - INFO - [76/100] Loss_D: 0.3493 Loss_G: 1.9732 D(x): 0.9039 D(G(z)): 0.2139/0.1543 Acc: 0.0000
2025-05-19 08:01:54,552 - gan_module - INFO - [77/100] Loss_D: 0.3007 Loss_G: 1.9081 D(x): 0.9166 D(G(z)): 0.1850/0.1768 Acc: 0.0000
2025-05-19 08:01:57,104 - gan_module - INFO - [78/100] Loss_D: 0.3720 Loss_G: 1.9936 D(x): 0.8836 D(G(z)): 0.1997/0.1555 Acc: 0.0000
2025-05-19 08:01:59,601 - gan_module - INFO - [79/100] Loss_D: 0.3128 Loss_G: 1.9194 D(x): 0.8873 D(G(z)): 0.1714/0.1614 Acc: 0.0000
2025-05-19 08:02:02,119 - gan_module - INFO - [80/100] Loss_D: 0.3120 Loss_G: 1.9554 D(x): 0.9178 D(G(z)): 0.1872/0.1717 Acc: 0.0000
2025-05-19 08:02:02,134 - gan_module - INFO - Saved models at epoch 80
2025-05-19 08:02:05,443 - gan_module - INFO - [81/100] Loss_D: 0.2926 Loss_G: 1.9695 D(x): 0.9030 D(G(z)): 0.1653/0.1659 Acc: 0.0000
2025-05-19 08:02:07,933 - gan_module - INFO - [82/100] Loss_D: 0.3186 Loss_G: 1.8415 D(x): 0.8717 D(G(z)): 0.1560/0.1909 Acc: 0.0000
2025-05-19 08:02:10,477 - gan_module - INFO - [83/100] Loss_D: 0.2498 Loss_G: 2.0098 D(x): 0.8949 D(G(z)): 0.1259/0.1537 Acc: 0.0000
2025-05-19 08:02:12,958 - gan_module - INFO - [84/100] Loss_D: 0.2665 Loss_G: 2.2368 D(x): 0.9162 D(G(z)): 0.1547/0.1197 Acc: 0.0000
2025-05-19 08:02:15,462 - gan_module - INFO - [85/100] Loss_D: 0.2848 Loss_G: 2.0819 D(x): 0.8866 D(G(z)): 0.1421/0.1569 Acc: 0.0000
2025-05-19 08:02:18,005 - gan_module - INFO - [86/100] Loss_D: 0.3530 Loss_G: 1.9894 D(x): 0.8801 D(G(z)): 0.1918/0.1532 Acc: 0.0000
2025-05-19 08:02:20,500 - gan_module - INFO - [87/100] Loss_D: 0.2513 Loss_G: 2.0870 D(x): 0.9163 D(G(z)): 0.1414/0.1422 Acc: 0.0000
2025-05-19 08:02:23,027 - gan_module - INFO - [88/100] Loss_D: 0.2327 Loss_G: 2.0529 D(x): 0.9060 D(G(z)): 0.1216/0.1428 Acc: 0.0000
2025-05-19 08:02:25,551 - gan_module - INFO - [89/100] Loss_D: 0.3101 Loss_G: 2.3285 D(x): 0.8916 D(G(z)): 0.1667/0.1209 Acc: 0.0000
2025-05-19 08:02:28,078 - gan_module - INFO - [90/100] Loss_D: 0.3004 Loss_G: 2.0006 D(x): 0.8893 D(G(z)): 0.1608/0.1769 Acc: 0.0588
2025-05-19 08:02:28,086 - gan_module - INFO - Saved models at epoch 90
2025-05-19 08:02:31,375 - gan_module - INFO - [91/100] Loss_D: 0.3034 Loss_G: 1.9787 D(x): 0.9027 D(G(z)): 0.1744/0.1504 Acc: 0.0000
2025-05-19 08:02:34,081 - gan_module - INFO - [92/100] Loss_D: 0.2743 Loss_G: 2.1385 D(x): 0.8990 D(G(z)): 0.1492/0.1545 Acc: 0.0000
2025-05-19 08:02:36,625 - gan_module - INFO - [93/100] Loss_D: 0.2669 Loss_G: 2.0519 D(x): 0.8895 D(G(z)): 0.1354/0.1466 Acc: 0.0000
2025-05-19 08:02:39,165 - gan_module - INFO - [94/100] Loss_D: 0.2352 Loss_G: 2.3402 D(x): 0.9147 D(G(z)): 0.1328/0.1109 Acc: 0.0000
2025-05-19 08:02:41,745 - gan_module - INFO - [95/100] Loss_D: 0.2591 Loss_G: 2.1542 D(x): 0.8984 D(G(z)): 0.1369/0.1582 Acc: 0.0000
2025-05-19 08:02:44,282 - gan_module - INFO - [96/100] Loss_D: 0.2970 Loss_G: 2.1408 D(x): 0.8916 D(G(z)): 0.1570/0.1646 Acc: 0.0588
2025-05-19 08:02:46,791 - gan_module - INFO - [97/100] Loss_D: 0.2420 Loss_G: 2.3802 D(x): 0.8871 D(G(z)): 0.1105/0.1115 Acc: 0.0000
2025-05-19 08:02:49,311 - gan_module - INFO - [98/100] Loss_D: 0.2403 Loss_G: 2.3346 D(x): 0.9158 D(G(z)): 0.1362/0.1307 Acc: 0.0000
2025-05-19 08:02:51,807 - gan_module - INFO - [99/100] Loss_D: 0.2291 Loss_G: 2.2259 D(x): 0.9184 D(G(z)): 0.1298/0.1396 Acc: 0.0000
2025-05-19 08:02:54,346 - gan_module - INFO - [100/100] Loss_D: 0.3065 Loss_G: 2.3103 D(x): 0.9094 D(G(z)): 0.1553/0.1258 Acc: 0.0000
2025-05-19 08:02:54,356 - gan_module - INFO - Saved models at epoch 100
2025-05-19 08:02:55,117 - gan_module - INFO - GAN training completed
2025-05-19 08:02:55,117 - gan_module - INFO - Generating 1000 synthetic transit samples
2025-05-19 08:02:55,143 - gan_module - INFO - Loaded models from epoch 100
2025-05-19 08:02:55,657 - gan_module - INFO - Generated 1000 synthetic transit samples
2025-05-19 08:02:55,657 - gan_module - INFO - Validating 100 synthetic samples
2025-05-19 08:02:55,657 - gan_module - ERROR - No real transit files found
2025-05-19 08:02:55,658 - gan_module - INFO - GAN pipeline completed
2025-05-19 08:02:55,658 - gan_module - INFO - Pipeline results: {'training_stats': {'num_epochs': 100, 'final_G_loss': 2.31026291847229, 'final_D_loss': 0.3065146207809448, 'final_D_accuracy': 0.0}, 'synthetic_dataset': {'num_samples': 1000}, 'validation_results': {}}
2025-05-19 08:02:55,658 - __main__ - INFO - Phase 2 pipeline completed
