2025-05-19 06:59:03,696 - __main__ - INFO - Starting Phase 1 pipeline
2025-05-19 06:59:03,696 - __main__ - INFO - Running data ingestion
2025-05-19 06:59:05,007 - data_ingestion - INFO - Initialized SyntheticLightCurveGenerator with sectors=[1, 2, 3, 4, 5]
2025-05-19 06:59:05,007 - data_ingestion - INFO - Using data directory: C:\Users\rehan\Documents\data
2025-05-19 06:59:05,007 - data_ingestion - INFO - Generating synthetic TESS data for 5 stars
2025-05-19 06:59:05,007 - data_ingestion - INFO - Creating synthetic transit parameters catalog for 5 TIC IDs
2025-05-19 06:59:05,007 - data_ingestion - INFO - Created transit parameters catalog with 1 entries
2025-05-19 06:59:05,024 - data_ingestion - INFO - Generated light curve for TIC 21616, sector 3: C:\Users\rehan\Documents\data\raw\TIC_21616\sector_3_lc.fits
2025-05-19 06:59:05,040 - data_ingestion - INFO - Generated light curve for TIC 21616, sector 1: C:\Users\rehan\Documents\data\raw\TIC_21616\sector_1_lc.fits
2025-05-19 06:59:05,054 - data_ingestion - INFO - Generated light curve for TIC 32590, sector 4: C:\Users\rehan\Documents\data\raw\TIC_32590\sector_4_lc.fits
2025-05-19 06:59:05,061 - data_ingestion - INFO - Generated light curve for TIC 35925, sector 2: C:\Users\rehan\Documents\data\raw\TIC_35925\sector_2_lc.fits
2025-05-19 06:59:05,076 - data_ingestion - INFO - Generated light curve for TIC 50021, sector 3: C:\Users\rehan\Documents\data\raw\TIC_50021\sector_3_lc.fits
2025-05-19 06:59:05,088 - data_ingestion - INFO - Generated light curve for TIC 58526, sector 3: C:\Users\rehan\Documents\data\raw\TIC_58526\sector_3_lc.fits
2025-05-19 06:59:05,095 - data_ingestion - INFO - Generated light curve for TIC 58526, sector 5: C:\Users\rehan\Documents\data\raw\TIC_58526\sector_5_lc.fits
2025-05-19 06:59:05,095 - data_ingestion - INFO - Synthetic data generation completed
2025-05-19 06:59:05,095 - data_ingestion - INFO - Summary: {'num_stars': 5, 'num_light_curves': 7, 'num_planets': 1, 'sectors': [1, 2, 3, 4, 5]}
2025-05-19 06:59:05,095 - __main__ - INFO - Data ingestion completed: {'num_stars': 5, 'num_light_curves': 7, 'num_planets': 1, 'sectors': [1, 2, 3, 4, 5]}
2025-05-19 06:59:05,095 - __main__ - INFO - Running data preprocessing
2025-05-19 06:59:05,915 - data_preprocessing - INFO - Initialized TESSDataPreprocessing with window_size_hours=5
2025-05-19 06:59:05,915 - data_preprocessing - INFO - Using data directory: C:\Users\rehan\Documents\ExoDetector\data
2025-05-19 06:59:05,915 - data_preprocessing - INFO - Starting preprocessing pipeline
2025-05-19 06:59:05,915 - data_preprocessing - INFO - Preprocessing 0 light curves
2025-05-19 06:59:05,915 - data_preprocessing - INFO - Preprocessed 0 light curves
2025-05-19 06:59:05,915 - data_preprocessing - ERROR - Error loading transit parameters from C:\Users\rehan\Documents\ExoDetector\data\catalogs\transit_parameters.csv: [Errno 2] No such file or directory: 'C:\\Users\\rehan\\Documents\\ExoDetector\\data\\catalogs\\transit_parameters.csv'
2025-05-19 06:59:05,915 - data_preprocessing - INFO - Found 0 unique TIC IDs in processed data
2025-05-19 06:59:05,915 - data_preprocessing - INFO - Found transit parameters for 0 TIC IDs
2025-05-19 06:59:05,915 - data_preprocessing - INFO - Extracted 0 transit windows and 0 non-transit windows
2025-05-19 06:59:05,915 - data_preprocessing - WARNING - No window files found
2025-05-19 06:59:05,915 - data_preprocessing - INFO - Preprocessing pipeline completed
2025-05-19 06:59:05,915 - data_preprocessing - INFO - Summary: {'num_light_curves_preprocessed': 0, 'num_stars_with_transits': 0, 'num_transit_windows': 0, 'num_non_transit_windows': 0}
2025-05-19 06:59:05,915 - __main__ - INFO - Data preprocessing completed: {'num_light_curves_preprocessed': 0, 'num_stars_with_transits': 0, 'num_transit_windows': 0, 'num_non_transit_windows': 0}
2025-05-19 06:59:05,915 - __main__ - INFO - Running data validation
2025-05-19 06:59:05,931 - data_validation - INFO - Initialized DataValidator with data_dir=data
2025-05-19 06:59:05,931 - data_validation - INFO - Starting validation process
2025-05-19 06:59:05,931 - data_validation - INFO - Validating directory structure
2025-05-19 06:59:05,931 - data_validation - INFO - Directory raw exists
2025-05-19 06:59:05,931 - data_validation - INFO - Directory processed exists
2025-05-19 06:59:05,931 - data_validation - ERROR - Directory catalogs does not exist
2025-05-19 06:59:05,931 - data_validation - INFO - Directory transit_windows exists
2025-05-19 06:59:05,931 - data_validation - INFO - Directory non_transit_windows exists
2025-05-19 06:59:05,931 - data_validation - INFO - Validating catalogs
2025-05-19 06:59:05,931 - data_validation - ERROR - Catalog confirmed_planets.csv does not exist
2025-05-19 06:59:05,935 - data_validation - ERROR - Catalog toi_catalog.csv does not exist
2025-05-19 06:59:05,935 - data_validation - ERROR - Catalog transit_parameters.csv does not exist
2025-05-19 06:59:05,935 - data_validation - INFO - Validating light curves
2025-05-19 06:59:05,935 - data_validation - INFO - Found 0 raw light curves from 0 unique TIC IDs
2025-05-19 06:59:05,935 - data_validation - INFO - Found 0 processed light curves from 0 unique TIC IDs
2025-05-19 06:59:05,935 - data_validation - INFO - Validating transit windows
2025-05-19 06:59:05,935 - data_validation - INFO - Found 0 transit windows and 0 non-transit windows
2025-05-19 06:59:05,935 - data_validation - INFO - Plotting data distribution
2025-05-19 06:59:06,139 - data_validation - INFO - Saved data distribution plots to C:\Users\rehan\Documents\ExoDetector\data\validation
2025-05-19 06:59:06,139 - data_validation - INFO - Plotting example light curves
2025-05-19 06:59:06,139 - data_validation - WARNING - No processed light curve files found
2025-05-19 06:59:06,139 - data_validation - INFO - Validation process completed
2025-05-19 06:59:06,139 - data_validation - INFO - Summary: {'directories_exist': False, 'catalogs_exist': False, 'raw_light_curves_count': 0, 'processed_light_curves_count': 0, 'transit_windows_count': 0, 'non_transit_windows_count': 0}
2025-05-19 06:59:06,139 - __main__ - INFO - Data validation completed
2025-05-19 06:59:06,139 - __main__ - INFO - Phase 1 pipeline completed
