2025-05-19 07:48:23,865 - __main__ - INFO - Starting Phase 2 pipeline
2025-05-19 07:48:23,865 - __main__ - INFO - Running GAN-based transit augmentation
2025-05-19 07:48:25,476 - gan_module - INFO - Using device: cpu
2025-05-19 07:48:25,476 - gan_module - INFO - Found 17 transit window files in C:\Users\rehan\Documents\ExoDetector\data\transit_windows
2025-05-19 07:48:25,476 - gan_module - INFO - TransitDataset initialized with 17 files (list)
2025-05-19 07:48:26,052 - gan_module - INFO - Starting GAN pipeline
2025-05-19 07:48:26,052 - gan_module - INFO - Starting GAN training for 100 epochs
2025-05-19 07:48:28,900 - gan_module - INFO - [1/100] Loss_D: 1.5543 Loss_G: 0.8871 D(x): 0.4172 D(G(z)): 0.4683/0.4250 Acc: 0.2353
2025-05-19 07:48:31,570 - gan_module - INFO - [2/100] Loss_D: 1.5178 Loss_G: 0.7442 D(x): 0.4232 D(G(z)): 0.4602/0.4918 Acc: 0.5294
2025-05-19 07:48:34,167 - gan_module - INFO - [3/100] Loss_D: 1.3697 Loss_G: 0.8144 D(x): 0.4714 D(G(z)): 0.4449/0.4514 Acc: 0.2353
2025-05-19 07:48:36,722 - gan_module - INFO - [4/100] Loss_D: 1.3433 Loss_G: 0.8665 D(x): 0.5268 D(G(z)): 0.4797/0.4304 Acc: 0.2941
2025-05-19 07:48:39,250 - gan_module - INFO - [5/100] Loss_D: 1.3330 Loss_G: 0.9195 D(x): 0.5151 D(G(z)): 0.4597/0.4203 Acc: 0.3529
2025-05-19 07:48:41,802 - gan_module - INFO - [6/100] Loss_D: 1.2870 Loss_G: 0.8485 D(x): 0.5429 D(G(z)): 0.4649/0.4323 Acc: 0.2353
2025-05-19 07:48:44,335 - gan_module - INFO - [7/100] Loss_D: 1.3359 Loss_G: 0.7972 D(x): 0.5161 D(G(z)): 0.4622/0.4621 Acc: 0.2353
2025-05-19 07:48:46,896 - gan_module - INFO - [8/100] Loss_D: 1.1756 Loss_G: 0.9392 D(x): 0.5888 D(G(z)): 0.4451/0.4047 Acc: 0.2353
2025-05-19 07:48:49,433 - gan_module - INFO - [9/100] Loss_D: 1.1846 Loss_G: 0.8543 D(x): 0.5473 D(G(z)): 0.4239/0.4547 Acc: 0.3529
2025-05-19 07:48:51,991 - gan_module - INFO - [10/100] Loss_D: 1.1349 Loss_G: 0.9115 D(x): 0.6326 D(G(z)): 0.4743/0.4124 Acc: 0.2941
2025-05-19 07:48:52,008 - gan_module - INFO - Saved models at epoch 10
2025-05-19 07:48:55,378 - gan_module - INFO - [11/100] Loss_D: 0.9904 Loss_G: 0.9330 D(x): 0.6610 D(G(z)): 0.4264/0.4039 Acc: 0.1176
2025-05-19 07:48:57,947 - gan_module - INFO - [12/100] Loss_D: 0.9913 Loss_G: 1.0030 D(x): 0.6339 D(G(z)): 0.3926/0.3880 Acc: 0.2353
2025-05-19 07:49:00,441 - gan_module - INFO - [13/100] Loss_D: 1.0087 Loss_G: 0.9142 D(x): 0.6493 D(G(z)): 0.4150/0.4173 Acc: 0.1765
2025-05-19 07:49:02,960 - gan_module - INFO - [14/100] Loss_D: 0.9793 Loss_G: 0.9922 D(x): 0.6729 D(G(z)): 0.4287/0.3907 Acc: 0.1765
2025-05-19 07:49:05,493 - gan_module - INFO - [15/100] Loss_D: 0.9299 Loss_G: 1.0118 D(x): 0.6858 D(G(z)): 0.4128/0.3823 Acc: 0.1765
2025-05-19 07:49:07,986 - gan_module - INFO - [16/100] Loss_D: 0.8553 Loss_G: 0.9641 D(x): 0.7184 D(G(z)): 0.3939/0.3912 Acc: 0.0588
2025-05-19 07:49:10,557 - gan_module - INFO - [17/100] Loss_D: 0.8596 Loss_G: 1.0186 D(x): 0.7055 D(G(z)): 0.3869/0.3723 Acc: 0.1176
2025-05-19 07:49:13,114 - gan_module - INFO - [18/100] Loss_D: 0.9498 Loss_G: 0.9528 D(x): 0.6789 D(G(z)): 0.4127/0.4009 Acc: 0.1765
2025-05-19 07:49:15,681 - gan_module - INFO - [19/100] Loss_D: 0.8655 Loss_G: 1.0203 D(x): 0.7069 D(G(z)): 0.3755/0.3733 Acc: 0.1176
2025-05-19 07:49:18,340 - gan_module - INFO - [20/100] Loss_D: 0.8664 Loss_G: 1.1556 D(x): 0.7049 D(G(z)): 0.3901/0.3316 Acc: 0.1176
2025-05-19 07:49:18,343 - gan_module - INFO - Saved models at epoch 20
2025-05-19 07:49:21,780 - gan_module - INFO - [21/100] Loss_D: 0.7161 Loss_G: 1.1039 D(x): 0.7515 D(G(z)): 0.3390/0.3447 Acc: 0.1765
2025-05-19 07:49:24,315 - gan_module - INFO - [22/100] Loss_D: 0.6909 Loss_G: 1.2422 D(x): 0.7562 D(G(z)): 0.3233/0.3025 Acc: 0.0000
2025-05-19 07:49:26,844 - gan_module - INFO - [23/100] Loss_D: 0.7454 Loss_G: 1.2004 D(x): 0.7334 D(G(z)): 0.3401/0.3234 Acc: 0.0588
2025-05-19 07:49:29,384 - gan_module - INFO - [24/100] Loss_D: 0.7868 Loss_G: 1.1697 D(x): 0.7284 D(G(z)): 0.3665/0.3215 Acc: 0.0588
2025-05-19 07:49:31,869 - gan_module - INFO - [25/100] Loss_D: 0.6514 Loss_G: 1.1851 D(x): 0.7774 D(G(z)): 0.3135/0.3180 Acc: 0.0000
2025-05-19 07:49:34,438 - gan_module - INFO - [26/100] Loss_D: 0.6956 Loss_G: 1.2450 D(x): 0.7774 D(G(z)): 0.3480/0.3016 Acc: 0.0000
2025-05-19 07:49:37,163 - gan_module - INFO - [27/100] Loss_D: 0.7700 Loss_G: 1.2505 D(x): 0.7295 D(G(z)): 0.3495/0.3072 Acc: 0.0588
2025-05-19 07:49:39,909 - gan_module - INFO - [28/100] Loss_D: 0.7698 Loss_G: 1.1592 D(x): 0.7732 D(G(z)): 0.3666/0.3256 Acc: 0.0000
2025-05-19 07:49:42,618 - gan_module - INFO - [29/100] Loss_D: 0.6778 Loss_G: 1.2146 D(x): 0.7853 D(G(z)): 0.3313/0.3183 Acc: 0.1176
2025-05-19 07:49:45,686 - gan_module - INFO - [30/100] Loss_D: 0.5713 Loss_G: 1.3550 D(x): 0.8022 D(G(z)): 0.2881/0.2738 Acc: 0.0000
2025-05-19 07:49:45,693 - gan_module - INFO - Saved models at epoch 30
2025-05-19 07:49:49,111 - gan_module - INFO - [31/100] Loss_D: 0.5987 Loss_G: 1.2491 D(x): 0.7937 D(G(z)): 0.2924/0.3043 Acc: 0.0588
2025-05-19 07:49:51,829 - gan_module - INFO - [32/100] Loss_D: 0.5530 Loss_G: 1.3876 D(x): 0.7854 D(G(z)): 0.2518/0.2670 Acc: 0.0588
2025-05-19 07:49:54,508 - gan_module - INFO - [33/100] Loss_D: 0.5623 Loss_G: 1.2873 D(x): 0.8028 D(G(z)): 0.2822/0.2906 Acc: 0.0000
2025-05-19 07:49:57,159 - gan_module - INFO - [34/100] Loss_D: 0.6254 Loss_G: 1.5045 D(x): 0.7939 D(G(z)): 0.3058/0.2524 Acc: 0.0000
2025-05-19 07:49:59,657 - gan_module - INFO - [35/100] Loss_D: 0.6524 Loss_G: 1.3407 D(x): 0.8079 D(G(z)): 0.3398/0.2789 Acc: 0.0000
2025-05-19 07:50:02,354 - gan_module - INFO - [36/100] Loss_D: 0.5554 Loss_G: 1.5619 D(x): 0.8114 D(G(z)): 0.2765/0.2300 Acc: 0.0000
2025-05-19 07:50:05,054 - gan_module - INFO - [37/100] Loss_D: 0.5191 Loss_G: 1.4235 D(x): 0.8239 D(G(z)): 0.2682/0.2631 Acc: 0.0000
2025-05-19 07:50:07,736 - gan_module - INFO - [38/100] Loss_D: 0.5293 Loss_G: 1.4956 D(x): 0.8391 D(G(z)): 0.2885/0.2487 Acc: 0.0000
2025-05-19 07:50:10,399 - gan_module - INFO - [39/100] Loss_D: 0.5142 Loss_G: 1.4884 D(x): 0.8079 D(G(z)): 0.2509/0.2613 Acc: 0.1176
2025-05-19 07:50:13,055 - gan_module - INFO - [40/100] Loss_D: 0.5728 Loss_G: 1.4608 D(x): 0.8122 D(G(z)): 0.2954/0.2488 Acc: 0.0000
2025-05-19 07:50:13,057 - gan_module - INFO - Saved models at epoch 40
2025-05-19 07:50:16,504 - gan_module - INFO - [41/100] Loss_D: 0.5217 Loss_G: 1.3169 D(x): 0.8394 D(G(z)): 0.2724/0.2831 Acc: 0.0588
2025-05-19 07:50:19,303 - gan_module - INFO - [42/100] Loss_D: 0.4699 Loss_G: 1.4966 D(x): 0.8436 D(G(z)): 0.2478/0.2418 Acc: 0.0588
2025-05-19 07:50:21,953 - gan_module - INFO - [43/100] Loss_D: 0.4821 Loss_G: 1.6213 D(x): 0.8315 D(G(z)): 0.2478/0.2190 Acc: 0.0000
2025-05-19 07:50:24,517 - gan_module - INFO - [44/100] Loss_D: 0.4573 Loss_G: 1.5998 D(x): 0.8433 D(G(z)): 0.2389/0.2265 Acc: 0.0588
2025-05-19 07:50:27,013 - gan_module - INFO - [45/100] Loss_D: 0.4255 Loss_G: 1.6782 D(x): 0.8505 D(G(z)): 0.2260/0.2105 Acc: 0.0000
2025-05-19 07:50:29,566 - gan_module - INFO - [46/100] Loss_D: 0.4695 Loss_G: 1.4124 D(x): 0.8541 D(G(z)): 0.2531/0.2566 Acc: 0.0000
2025-05-19 07:50:32,070 - gan_module - INFO - [47/100] Loss_D: 0.4172 Loss_G: 1.5708 D(x): 0.8540 D(G(z)): 0.2223/0.2305 Acc: 0.0000
2025-05-19 07:50:34,532 - gan_module - INFO - [48/100] Loss_D: 0.5057 Loss_G: 1.4797 D(x): 0.8450 D(G(z)): 0.2722/0.2503 Acc: 0.0000
2025-05-19 07:50:37,052 - gan_module - INFO - [49/100] Loss_D: 0.4567 Loss_G: 1.6399 D(x): 0.8537 D(G(z)): 0.2461/0.2166 Acc: 0.0000
2025-05-19 07:50:39,560 - gan_module - INFO - [50/100] Loss_D: 0.4903 Loss_G: 1.7187 D(x): 0.8665 D(G(z)): 0.2842/0.1960 Acc: 0.0000
2025-05-19 07:50:39,576 - gan_module - INFO - Saved models at epoch 50
2025-05-19 07:50:42,924 - gan_module - INFO - [51/100] Loss_D: 0.3996 Loss_G: 1.4839 D(x): 0.8693 D(G(z)): 0.2187/0.2522 Acc: 0.0000
2025-05-19 07:50:45,523 - gan_module - INFO - [52/100] Loss_D: 0.4374 Loss_G: 1.7197 D(x): 0.8625 D(G(z)): 0.2376/0.1937 Acc: 0.0000
2025-05-19 07:50:48,152 - gan_module - INFO - [53/100] Loss_D: 0.4280 Loss_G: 1.5523 D(x): 0.8811 D(G(z)): 0.2500/0.2271 Acc: 0.0000
2025-05-19 07:50:50,848 - gan_module - INFO - [54/100] Loss_D: 0.4487 Loss_G: 1.7746 D(x): 0.8593 D(G(z)): 0.2363/0.1989 Acc: 0.0000
2025-05-19 07:50:53,535 - gan_module - INFO - [55/100] Loss_D: 0.4057 Loss_G: 1.7864 D(x): 0.8581 D(G(z)): 0.2134/0.1835 Acc: 0.0000
2025-05-19 07:50:56,151 - gan_module - INFO - [56/100] Loss_D: 0.4508 Loss_G: 1.6899 D(x): 0.8705 D(G(z)): 0.2590/0.2035 Acc: 0.0000
2025-05-19 07:50:58,761 - gan_module - INFO - [57/100] Loss_D: 0.3909 Loss_G: 1.5735 D(x): 0.8717 D(G(z)): 0.2159/0.2298 Acc: 0.0588
2025-05-19 07:51:01,323 - gan_module - INFO - [58/100] Loss_D: 0.3490 Loss_G: 1.6240 D(x): 0.8770 D(G(z)): 0.1871/0.2068 Acc: 0.0000
2025-05-19 07:51:03,864 - gan_module - INFO - [59/100] Loss_D: 0.3611 Loss_G: 1.6784 D(x): 0.8682 D(G(z)): 0.1932/0.2126 Acc: 0.0000
2025-05-19 07:51:06,377 - gan_module - INFO - [60/100] Loss_D: 0.4340 Loss_G: 1.7078 D(x): 0.8645 D(G(z)): 0.2403/0.2013 Acc: 0.0000
2025-05-19 07:51:06,385 - gan_module - INFO - Saved models at epoch 60
2025-05-19 07:51:09,613 - gan_module - INFO - [61/100] Loss_D: 0.3319 Loss_G: 1.8665 D(x): 0.8829 D(G(z)): 0.1813/0.1713 Acc: 0.0000
2025-05-19 07:51:12,152 - gan_module - INFO - [62/100] Loss_D: 0.3696 Loss_G: 1.5884 D(x): 0.8844 D(G(z)): 0.2143/0.2354 Acc: 0.0588
2025-05-19 07:51:14,668 - gan_module - INFO - [63/100] Loss_D: 0.3492 Loss_G: 1.8148 D(x): 0.8643 D(G(z)): 0.1764/0.2008 Acc: 0.0588
2025-05-19 07:51:17,178 - gan_module - INFO - [64/100] Loss_D: 0.4163 Loss_G: 1.7660 D(x): 0.8577 D(G(z)): 0.2202/0.1884 Acc: 0.0000
2025-05-19 07:51:19,672 - gan_module - INFO - [65/100] Loss_D: 0.3560 Loss_G: 1.9695 D(x): 0.8813 D(G(z)): 0.1964/0.1542 Acc: 0.0000
2025-05-19 07:51:22,207 - gan_module - INFO - [66/100] Loss_D: 0.3341 Loss_G: 1.8258 D(x): 0.8625 D(G(z)): 0.1643/0.1883 Acc: 0.0588
2025-05-19 07:51:24,729 - gan_module - INFO - [67/100] Loss_D: 0.3846 Loss_G: 1.6708 D(x): 0.8590 D(G(z)): 0.1967/0.2078 Acc: 0.0000
2025-05-19 07:51:27,217 - gan_module - INFO - [68/100] Loss_D: 0.3588 Loss_G: 1.8131 D(x): 0.8719 D(G(z)): 0.1888/0.1793 Acc: 0.0000
2025-05-19 07:51:29,754 - gan_module - INFO - [69/100] Loss_D: 0.3509 Loss_G: 1.6738 D(x): 0.8837 D(G(z)): 0.1926/0.2264 Acc: 0.0588
2025-05-19 07:51:32,241 - gan_module - INFO - [70/100] Loss_D: 0.3610 Loss_G: 1.9219 D(x): 0.8866 D(G(z)): 0.2069/0.1877 Acc: 0.0588
2025-05-19 07:51:32,241 - gan_module - INFO - Saved models at epoch 70
2025-05-19 07:51:35,631 - gan_module - INFO - [71/100] Loss_D: 0.3223 Loss_G: 1.9893 D(x): 0.8737 D(G(z)): 0.1644/0.1567 Acc: 0.0000
2025-05-19 07:51:38,327 - gan_module - INFO - [72/100] Loss_D: 0.3188 Loss_G: 1.8618 D(x): 0.8958 D(G(z)): 0.1771/0.1807 Acc: 0.0000
2025-05-19 07:51:40,850 - gan_module - INFO - [73/100] Loss_D: 0.2899 Loss_G: 1.8750 D(x): 0.9055 D(G(z)): 0.1683/0.1843 Acc: 0.0000
2025-05-19 07:51:43,361 - gan_module - INFO - [74/100] Loss_D: 0.3104 Loss_G: 1.8835 D(x): 0.8879 D(G(z)): 0.1682/0.1717 Acc: 0.0000
2025-05-19 07:51:45,850 - gan_module - INFO - [75/100] Loss_D: 0.3070 Loss_G: 2.1434 D(x): 0.8941 D(G(z)): 0.1719/0.1351 Acc: 0.0000
2025-05-19 07:51:48,339 - gan_module - INFO - [76/100] Loss_D: 0.3493 Loss_G: 1.9732 D(x): 0.9039 D(G(z)): 0.2139/0.1543 Acc: 0.0000
2025-05-19 07:51:50,836 - gan_module - INFO - [77/100] Loss_D: 0.3007 Loss_G: 1.9081 D(x): 0.9166 D(G(z)): 0.1850/0.1768 Acc: 0.0000
2025-05-19 07:51:53,338 - gan_module - INFO - [78/100] Loss_D: 0.3720 Loss_G: 1.9936 D(x): 0.8836 D(G(z)): 0.1997/0.1555 Acc: 0.0000
2025-05-19 07:51:55,842 - gan_module - INFO - [79/100] Loss_D: 0.3128 Loss_G: 1.9194 D(x): 0.8873 D(G(z)): 0.1714/0.1614 Acc: 0.0000
2025-05-19 07:51:58,316 - gan_module - INFO - [80/100] Loss_D: 0.3120 Loss_G: 1.9554 D(x): 0.9178 D(G(z)): 0.1872/0.1717 Acc: 0.0000
2025-05-19 07:51:58,316 - gan_module - INFO - Saved models at epoch 80
2025-05-19 07:52:01,677 - gan_module - INFO - [81/100] Loss_D: 0.2926 Loss_G: 1.9695 D(x): 0.9030 D(G(z)): 0.1653/0.1659 Acc: 0.0000
2025-05-19 07:52:04,217 - gan_module - INFO - [82/100] Loss_D: 0.3186 Loss_G: 1.8415 D(x): 0.8717 D(G(z)): 0.1560/0.1909 Acc: 0.0000
2025-05-19 07:52:06,687 - gan_module - INFO - [83/100] Loss_D: 0.2498 Loss_G: 2.0098 D(x): 0.8949 D(G(z)): 0.1259/0.1537 Acc: 0.0000
2025-05-19 07:52:09,178 - gan_module - INFO - [84/100] Loss_D: 0.2665 Loss_G: 2.2368 D(x): 0.9162 D(G(z)): 0.1547/0.1197 Acc: 0.0000
2025-05-19 07:52:11,667 - gan_module - INFO - [85/100] Loss_D: 0.2848 Loss_G: 2.0819 D(x): 0.8866 D(G(z)): 0.1421/0.1569 Acc: 0.0000
2025-05-19 07:52:14,145 - gan_module - INFO - [86/100] Loss_D: 0.3530 Loss_G: 1.9894 D(x): 0.8801 D(G(z)): 0.1918/0.1532 Acc: 0.0000
2025-05-19 07:52:16,666 - gan_module - INFO - [87/100] Loss_D: 0.2513 Loss_G: 2.0870 D(x): 0.9163 D(G(z)): 0.1414/0.1422 Acc: 0.0000
2025-05-19 07:52:19,192 - gan_module - INFO - [88/100] Loss_D: 0.2327 Loss_G: 2.0529 D(x): 0.9060 D(G(z)): 0.1216/0.1428 Acc: 0.0000
2025-05-19 07:52:21,720 - gan_module - INFO - [89/100] Loss_D: 0.3101 Loss_G: 2.3285 D(x): 0.8916 D(G(z)): 0.1667/0.1209 Acc: 0.0000
2025-05-19 07:52:24,254 - gan_module - INFO - [90/100] Loss_D: 0.3004 Loss_G: 2.0006 D(x): 0.8893 D(G(z)): 0.1608/0.1769 Acc: 0.0588
2025-05-19 07:52:24,267 - gan_module - INFO - Saved models at epoch 90
2025-05-19 07:52:27,583 - gan_module - INFO - [91/100] Loss_D: 0.3034 Loss_G: 1.9787 D(x): 0.9027 D(G(z)): 0.1744/0.1504 Acc: 0.0000
2025-05-19 07:52:30,094 - gan_module - INFO - [92/100] Loss_D: 0.2743 Loss_G: 2.1385 D(x): 0.8990 D(G(z)): 0.1492/0.1545 Acc: 0.0000
2025-05-19 07:52:32,582 - gan_module - INFO - [93/100] Loss_D: 0.2669 Loss_G: 2.0519 D(x): 0.8895 D(G(z)): 0.1354/0.1466 Acc: 0.0000
2025-05-19 07:52:35,132 - gan_module - INFO - [94/100] Loss_D: 0.2352 Loss_G: 2.3402 D(x): 0.9147 D(G(z)): 0.1328/0.1109 Acc: 0.0000
2025-05-19 07:52:37,599 - gan_module - INFO - [95/100] Loss_D: 0.2591 Loss_G: 2.1542 D(x): 0.8984 D(G(z)): 0.1369/0.1582 Acc: 0.0000
2025-05-19 07:52:40,110 - gan_module - INFO - [96/100] Loss_D: 0.2970 Loss_G: 2.1408 D(x): 0.8916 D(G(z)): 0.1570/0.1646 Acc: 0.0588
2025-05-19 07:52:42,585 - gan_module - INFO - [97/100] Loss_D: 0.2420 Loss_G: 2.3802 D(x): 0.8871 D(G(z)): 0.1105/0.1115 Acc: 0.0000
2025-05-19 07:52:45,088 - gan_module - INFO - [98/100] Loss_D: 0.2403 Loss_G: 2.3346 D(x): 0.9158 D(G(z)): 0.1362/0.1307 Acc: 0.0000
2025-05-19 07:52:47,622 - gan_module - INFO - [99/100] Loss_D: 0.2291 Loss_G: 2.2259 D(x): 0.9184 D(G(z)): 0.1298/0.1396 Acc: 0.0000
2025-05-19 07:52:50,153 - gan_module - INFO - [100/100] Loss_D: 0.3065 Loss_G: 2.3103 D(x): 0.9094 D(G(z)): 0.1553/0.1258 Acc: 0.0000
2025-05-19 07:52:50,169 - gan_module - INFO - Saved models at epoch 100
2025-05-19 07:52:50,955 - gan_module - INFO - GAN training completed
2025-05-19 07:52:50,955 - gan_module - INFO - Generating 1000 synthetic transit samples
2025-05-19 07:52:50,979 - gan_module - INFO - Loaded models from epoch 100
