2025-05-19 14:00:06,071 - __main__ - INFO - Starting Phase 3 pipeline
2025-05-19 14:00:06,071 - __main__ - INFO - Running anomaly detection
2025-05-19 14:00:09,183 - anomaly_detection - INFO - Using device: cpu
2025-05-19 14:00:09,194 - anomaly_detection - INFO - Found 21 window files in C:\Users\rehan\Documents\ExoDetector\data\non_transit_windows with label 0
2025-05-19 14:00:09,202 - anomaly_detection - INFO - Found 17 window files in C:\Users\rehan\Documents\ExoDetector\data\transit_windows with label 1
2025-05-19 14:00:09,919 - anomaly_detection - INFO - Initialized AnomalyDetector with window_size=200, latent_dim=16, batch_size=32
2025-05-19 14:00:09,929 - anomaly_detection - INFO - Starting anomaly detection pipeline
2025-05-19 14:00:09,929 - anomaly_detection - INFO - Training autoencoder for 50 epochs
2025-05-19 14:00:14,068 - anomaly_detection - INFO - [1/50] Loss: 1.407106
2025-05-19 14:00:18,084 - anomaly_detection - INFO - [2/50] Loss: 0.775602
2025-05-19 14:00:22,114 - anomaly_detection - INFO - [3/50] Loss: 0.494329
2025-05-19 14:00:26,266 - anomaly_detection - INFO - [4/50] Loss: 0.358234
2025-05-19 14:00:30,232 - anomaly_detection - INFO - [5/50] Loss: 0.274061
2025-05-19 14:00:34,257 - anomaly_detection - INFO - [6/50] Loss: 0.231571
2025-05-19 14:00:38,249 - anomaly_detection - INFO - [7/50] Loss: 0.202657
2025-05-19 14:00:42,328 - anomaly_detection - INFO - [8/50] Loss: 0.175622
2025-05-19 14:00:46,416 - anomaly_detection - INFO - [9/50] Loss: 0.150148
2025-05-19 14:00:50,597 - anomaly_detection - INFO - [10/50] Loss: 0.130855
2025-05-19 14:00:50,599 - anomaly_detection - INFO - Saved autoencoder at epoch 10
2025-05-19 14:00:54,749 - anomaly_detection - INFO - [11/50] Loss: 0.122848
2025-05-19 14:00:58,761 - anomaly_detection - INFO - [12/50] Loss: 0.118764
2025-05-19 14:01:02,832 - anomaly_detection - INFO - [13/50] Loss: 0.115083
2025-05-19 14:01:06,856 - anomaly_detection - INFO - [14/50] Loss: 0.111125
2025-05-19 14:01:10,911 - anomaly_detection - INFO - [15/50] Loss: 0.105855
2025-05-19 14:01:14,847 - anomaly_detection - INFO - [16/50] Loss: 0.098311
2025-05-19 14:01:18,817 - anomaly_detection - INFO - [17/50] Loss: 0.092007
2025-05-19 14:01:22,825 - anomaly_detection - INFO - [18/50] Loss: 0.088415
2025-05-19 14:01:26,964 - anomaly_detection - INFO - [19/50] Loss: 0.084619
2025-05-19 14:01:31,022 - anomaly_detection - INFO - [20/50] Loss: 0.079403
2025-05-19 14:01:31,022 - anomaly_detection - INFO - Saved autoencoder at epoch 20
2025-05-19 14:01:35,102 - anomaly_detection - INFO - [21/50] Loss: 0.074315
2025-05-19 14:01:39,080 - anomaly_detection - INFO - [22/50] Loss: 0.071022
2025-05-19 14:01:42,958 - anomaly_detection - INFO - [23/50] Loss: 0.069284
2025-05-19 14:01:46,926 - anomaly_detection - INFO - [24/50] Loss: 0.067809
2025-05-19 14:01:50,903 - anomaly_detection - INFO - [25/50] Loss: 0.066221
2025-05-19 14:01:54,945 - anomaly_detection - INFO - [26/50] Loss: 0.064300
2025-05-19 14:01:58,998 - anomaly_detection - INFO - [27/50] Loss: 0.061277
2025-05-19 14:02:03,004 - anomaly_detection - INFO - [28/50] Loss: 0.055788
2025-05-19 14:02:07,167 - anomaly_detection - INFO - [29/50] Loss: 0.048670
2025-05-19 14:02:11,113 - anomaly_detection - INFO - [30/50] Loss: 0.045805
2025-05-19 14:02:11,125 - anomaly_detection - INFO - Saved autoencoder at epoch 30
2025-05-19 14:02:15,201 - anomaly_detection - INFO - [31/50] Loss: 0.045096
2025-05-19 14:02:19,352 - anomaly_detection - INFO - [32/50] Loss: 0.044247
2025-05-19 14:02:23,415 - anomaly_detection - INFO - [33/50] Loss: 0.042675
2025-05-19 14:02:27,739 - anomaly_detection - INFO - [34/50] Loss: 0.039555
2025-05-19 14:02:31,748 - anomaly_detection - INFO - [35/50] Loss: 0.033360
2025-05-19 14:02:35,848 - anomaly_detection - INFO - [36/50] Loss: 0.026913
2025-05-19 14:02:40,004 - anomaly_detection - INFO - [37/50] Loss: 0.025416
2025-05-19 14:02:44,093 - anomaly_detection - INFO - [38/50] Loss: 0.025148
2025-05-19 14:02:48,174 - anomaly_detection - INFO - [39/50] Loss: 0.024916
2025-05-19 14:02:52,284 - anomaly_detection - INFO - [40/50] Loss: 0.024589
2025-05-19 14:02:52,284 - anomaly_detection - INFO - Saved autoencoder at epoch 40
2025-05-19 14:02:56,406 - anomaly_detection - INFO - [41/50] Loss: 0.024202
2025-05-19 14:03:00,445 - anomaly_detection - INFO - [42/50] Loss: 0.023842
2025-05-19 14:03:04,598 - anomaly_detection - INFO - [43/50] Loss: 0.023501
2025-05-19 14:03:08,667 - anomaly_detection - INFO - [44/50] Loss: 0.023225
2025-05-19 14:03:12,826 - anomaly_detection - INFO - [45/50] Loss: 0.023006
2025-05-19 14:03:16,928 - anomaly_detection - INFO - [46/50] Loss: 0.022834
2025-05-19 14:03:21,006 - anomaly_detection - INFO - [47/50] Loss: 0.022696
2025-05-19 14:03:25,136 - anomaly_detection - INFO - [48/50] Loss: 0.022575
2025-05-19 14:03:29,215 - anomaly_detection - INFO - [49/50] Loss: 0.022465
2025-05-19 14:03:33,203 - anomaly_detection - INFO - [50/50] Loss: 0.022363
2025-05-19 14:03:33,205 - anomaly_detection - INFO - Saved autoencoder at epoch 50
2025-05-19 14:03:33,205 - anomaly_detection - INFO - Autoencoder training completed
2025-05-19 14:03:33,773 - anomaly_detection - INFO - Training one-class SVM with nu=0.1
2025-05-19 14:03:33,773 - anomaly_detection - INFO - Computing reconstruction errors
2025-05-19 14:03:37,717 - anomaly_detection - INFO - SVM training completed
2025-05-19 14:03:37,720 - anomaly_detection - INFO - Saved SVM model and scaler
2025-05-19 14:03:37,720 - anomaly_detection - INFO - Evaluating anomaly detection performance
2025-05-19 14:03:37,720 - anomaly_detection - INFO - Computing reconstruction errors
2025-05-19 14:03:41,709 - anomaly_detection - INFO - Computing reconstruction errors
2025-05-19 14:03:46,390 - anomaly_detection - INFO - Evaluation metrics: {'roc_auc': 0.0, 'average_precision': 0.28038767769499784, 'non_transit_mean_error': 0.024135547, 'transit_mean_error': 0.024304217, 'non_transit_mean_score': -0.006729075099126981, 'transit_mean_score': -0.006732153953696555}
2025-05-19 14:03:46,390 - anomaly_detection - INFO - Visualizing 5 reconstructions
2025-05-19 14:03:47,422 - anomaly_detection - INFO - Visualization completed
2025-05-19 14:03:47,422 - anomaly_detection - INFO - Anomaly detection pipeline completed
2025-05-19 14:03:47,422 - anomaly_detection - INFO - Pipeline results: {'autoencoder_training': {'num_epochs': 50, 'final_loss': 0.022362612187862396}, 'svm_training': {'nu': 0.1}, 'evaluation_metrics': {'roc_auc': 0.0, 'average_precision': 0.28038767769499784, 'non_transit_mean_error': 0.024135547, 'transit_mean_error': 0.024304217, 'non_transit_mean_score': -0.006729075099126981, 'transit_mean_score': -0.006732153953696555}}
2025-05-19 14:03:47,422 - __main__ - INFO - Phase 3 pipeline completed
