2025-05-19 06:01:21,243 - __main__ - INFO - Starting Phase 1 pipeline
2025-05-19 06:01:21,243 - __main__ - INFO - Running data ingestion
2025-05-19 06:01:30,095 - data_ingestion - INFO - Initialized TESSDataIngestion with sectors=[1, 2, 3, 4, 5]
2025-05-19 06:01:30,095 - data_ingestion - INFO - Starting data ingestion pipeline
2025-05-19 06:01:30,095 - data_ingestion - INFO - Downloading exoplanet catalogs
2025-05-19 06:01:31,400 - data_ingestion - INFO - Loaded existing confirmed planets catalog with 38449 entries
2025-05-19 06:01:31,451 - data_ingestion - INFO - Loaded existing TOI catalog with 7643 entries
2025-05-19 06:01:31,453 - data_ingestion - INFO - Downloading light curves for 40 targets using lightkurve
2025-05-19 06:01:47,579 - lightkurve.search - ERROR - No data found for target "TIC 1001".
2025-05-19 06:01:47,579 - data_ingestion - ERROR - Error searching for light curves for TIC 1001: 'sequence_number'
2025-05-19 06:02:06,347 - lightkurve.search - ERROR - No data found for target "TIC 2021".
2025-05-19 06:02:06,348 - data_ingestion - ERROR - Error searching for light curves for TIC 2021: 'sequence_number'
2025-05-19 06:02:27,228 - lightkurve.search - ERROR - No data found for target "TIC 7031".
2025-05-19 06:02:27,228 - data_ingestion - ERROR - Error searching for light curves for TIC 7031: 'sequence_number'
2025-05-19 06:02:48,366 - lightkurve.search - ERROR - No data found for target "TIC 9727".
2025-05-19 06:02:48,366 - data_ingestion - ERROR - Error searching for light curves for TIC 9727: 'sequence_number'
2025-05-19 06:03:03,011 - lightkurve.search - ERROR - No data found for target "TIC 9913".
2025-05-19 06:03:03,011 - data_ingestion - ERROR - Error searching for light curves for TIC 9913: 'sequence_number'
2025-05-19 06:03:27,258 - lightkurve.search - ERROR - No data found for target "TIC 12421".
2025-05-19 06:03:27,259 - data_ingestion - ERROR - Error searching for light curves for TIC 12421: 'sequence_number'
2025-05-19 06:03:46,821 - lightkurve.search - ERROR - No data found for target "TIC 12973".
2025-05-19 06:03:46,821 - data_ingestion - ERROR - Error searching for light curves for TIC 12973: 'sequence_number'
2025-05-19 06:04:05,324 - lightkurve.search - ERROR - No data found for target "TIC 14336".
2025-05-19 06:04:05,324 - data_ingestion - ERROR - Error searching for light curves for TIC 14336: 'sequence_number'
2025-05-19 06:04:15,603 - lightkurve.search - ERROR - No data found for target "TIC 16268".
2025-05-19 06:04:15,606 - data_ingestion - ERROR - Error searching for light curves for TIC 16268: 'sequence_number'
2025-05-19 06:04:27,790 - lightkurve.search - ERROR - No data found for target "TIC 20188".
2025-05-19 06:04:27,791 - data_ingestion - ERROR - Error searching for light curves for TIC 20188: 'sequence_number'
2025-05-19 06:04:45,081 - lightkurve.search - ERROR - No data found for target "TIC 20215".
2025-05-19 06:04:45,081 - data_ingestion - ERROR - Error searching for light curves for TIC 20215: 'sequence_number'
2025-05-19 06:04:57,479 - lightkurve.search - ERROR - No data found for target "TIC 24312".
2025-05-19 06:04:57,495 - data_ingestion - ERROR - Error searching for light curves for TIC 24312: 'sequence_number'
2025-05-19 06:05:19,016 - lightkurve.search - ERROR - No data found for target "TIC 25155".
2025-05-19 06:05:19,016 - data_ingestion - ERROR - Error searching for light curves for TIC 25155: 'sequence_number'
2025-05-19 06:05:29,546 - lightkurve.search - ERROR - No data found for target "TIC 27530".
2025-05-19 06:05:29,546 - data_ingestion - ERROR - Error searching for light curves for TIC 27530: 'sequence_number'
2025-05-19 06:05:53,837 - lightkurve.search - ERROR - No data found for target "TIC 29831".
2025-05-19 06:05:53,837 - data_ingestion - ERROR - Error searching for light curves for TIC 29831: 'sequence_number'
2025-05-19 06:06:15,597 - lightkurve.search - ERROR - No data found for target "TIC 31195".
2025-05-19 06:06:15,598 - data_ingestion - ERROR - Error searching for light curves for TIC 31195: 'sequence_number'
2025-05-19 06:06:42,037 - data_ingestion - WARNING - No light curves found for TIC 38877 in sectors [1, 2, 3, 4, 5]
2025-05-19 06:07:08,052 - lightkurve.search - ERROR - No data found for target "TIC 41377".
2025-05-19 06:07:08,052 - data_ingestion - ERROR - Error searching for light curves for TIC 41377: 'sequence_number'
2025-05-19 06:07:28,979 - lightkurve.search - ERROR - No data found for target "TIC 47911".
2025-05-19 06:07:28,979 - data_ingestion - ERROR - Error searching for light curves for TIC 47911: 'sequence_number'
2025-05-19 06:08:05,609 - lightkurve.search - ERROR - No data found for target "TIC 49908".
2025-05-19 06:08:05,609 - data_ingestion - ERROR - Error searching for light curves for TIC 49908: 'sequence_number'
2025-05-19 06:08:27,255 - lightkurve.search - ERROR - No data found for target "TIC 52985".
2025-05-19 06:08:27,255 - data_ingestion - ERROR - Error searching for light curves for TIC 52985: 'sequence_number'
2025-05-19 06:08:47,233 - lightkurve.search - ERROR - No data found for target "TIC 55452".
2025-05-19 06:08:47,233 - data_ingestion - ERROR - Error searching for light curves for TIC 55452: 'sequence_number'
2025-05-19 06:08:58,891 - lightkurve.search - ERROR - No data found for target "TIC 59803".
2025-05-19 06:08:58,891 - data_ingestion - ERROR - Error searching for light curves for TIC 59803: 'sequence_number'
2025-05-19 06:09:11,851 - lightkurve.search - ERROR - No data found for target "TIC 62483".
2025-05-19 06:09:11,851 - data_ingestion - ERROR - Error searching for light curves for TIC 62483: 'sequence_number'
2025-05-19 06:09:27,260 - lightkurve.search - ERROR - No data found for target "TIC 63898".
2025-05-19 06:09:27,260 - data_ingestion - ERROR - Error searching for light curves for TIC 63898: 'sequence_number'
2025-05-19 06:09:46,317 - lightkurve.search - ERROR - No data found for target "TIC 65347".
2025-05-19 06:09:46,317 - data_ingestion - ERROR - Error searching for light curves for TIC 65347: 'sequence_number'
2025-05-19 06:10:12,567 - lightkurve.search - ERROR - No data found for target "TIC 69214".
2025-05-19 06:10:12,567 - data_ingestion - ERROR - Error searching for light curves for TIC 69214: 'sequence_number'
2025-05-19 06:10:25,613 - lightkurve.search - ERROR - No data found for target "TIC 70914".
2025-05-19 06:10:25,613 - data_ingestion - ERROR - Error searching for light curves for TIC 70914: 'sequence_number'
2025-05-19 06:10:50,799 - lightkurve.search - ERROR - No data found for target "TIC 71932".
2025-05-19 06:10:50,799 - data_ingestion - ERROR - Error searching for light curves for TIC 71932: 'sequence_number'
2025-05-19 06:11:15,068 - lightkurve.search - ERROR - No data found for target "TIC 77031".
2025-05-19 06:11:15,068 - data_ingestion - ERROR - Error searching for light curves for TIC 77031: 'sequence_number'
2025-05-19 06:11:31,155 - lightkurve.search - ERROR - No data found for target "TIC 80466".
2025-05-19 06:11:31,155 - data_ingestion - ERROR - Error searching for light curves for TIC 80466: 'sequence_number'
2025-05-19 06:11:46,523 - lightkurve.search - ERROR - No data found for target "TIC 82128".
2025-05-19 06:11:46,523 - data_ingestion - ERROR - Error searching for light curves for TIC 82128: 'sequence_number'
2025-05-19 06:11:56,802 - lightkurve.search - ERROR - No data found for target "TIC 88992".
2025-05-19 06:11:56,802 - data_ingestion - ERROR - Error searching for light curves for TIC 88992: 'sequence_number'
2025-05-19 06:12:08,525 - lightkurve.search - ERROR - No data found for target "TIC 89355".
2025-05-19 06:12:08,525 - data_ingestion - ERROR - Error searching for light curves for TIC 89355: 'sequence_number'
2025-05-19 06:12:26,804 - lightkurve.search - ERROR - No data found for target "TIC 91058".
2025-05-19 06:12:26,804 - data_ingestion - ERROR - Error searching for light curves for TIC 91058: 'sequence_number'
2025-05-19 06:12:35,197 - lightkurve.search - ERROR - No data found for target "TIC 92136".
2025-05-19 06:12:35,197 - data_ingestion - ERROR - Error searching for light curves for TIC 92136: 'sequence_number'
2025-05-19 06:13:01,027 - lightkurve.search - ERROR - No data found for target "TIC 93335".
2025-05-19 06:13:01,027 - data_ingestion - ERROR - Error searching for light curves for TIC 93335: 'sequence_number'
2025-05-19 06:13:17,599 - lightkurve.search - ERROR - No data found for target "TIC 96097".
2025-05-19 06:13:17,614 - data_ingestion - ERROR - Error searching for light curves for TIC 96097: 'sequence_number'
2025-05-19 06:13:29,673 - lightkurve.search - ERROR - No data found for target "TIC 98796".
2025-05-19 06:13:29,673 - data_ingestion - ERROR - Error searching for light curves for TIC 98796: 'sequence_number'
2025-05-19 06:13:44,380 - lightkurve.search - ERROR - No data found for target "TIC 99655".
2025-05-19 06:13:44,395 - data_ingestion - ERROR - Error searching for light curves for TIC 99655: 'sequence_number'
2025-05-19 06:13:44,396 - data_ingestion - INFO - Downloaded 0 light curves
2025-05-19 06:13:44,396 - data_ingestion - INFO - Creating transit parameters catalog
2025-05-19 06:13:44,398 - data_ingestion - ERROR - Error extracting parameters from TOIs: 'TIC ID'
2025-05-19 06:13:44,399 - data_ingestion - INFO - Created transit parameters catalog with 0 entries
2025-05-19 06:13:44,399 - data_ingestion - INFO - Creating synthetic transit parameters
2025-05-19 06:13:44,410 - data_ingestion - INFO - Created 40 synthetic transit parameters
2025-05-19 06:13:44,412 - data_ingestion - INFO - Data ingestion pipeline completed
2025-05-19 06:13:44,412 - data_ingestion - INFO - Summary: {'num_targets_queried': 40, 'num_light_curves_downloaded': 0, 'sectors_downloaded': [1, 2, 3, 4, 5], 'confirmed_planets_catalog_size': 38449, 'toi_catalog_size': 7643, 'transit_parameters_size': 40}
2025-05-19 06:13:44,424 - __main__ - INFO - Data ingestion completed: {'num_targets_queried': 40, 'num_light_curves_downloaded': 0, 'sectors_downloaded': [1, 2, 3, 4, 5], 'confirmed_planets_catalog_size': 38449, 'toi_catalog_size': 7643, 'transit_parameters_size': 40}
2025-05-19 06:13:44,424 - __main__ - INFO - Running data preprocessing
2025-05-19 06:13:45,457 - data_preprocessing - INFO - Initialized TESSDataPreprocessing with window_size_hours=5
2025-05-19 06:13:45,457 - data_preprocessing - INFO - Starting preprocessing pipeline
2025-05-19 06:13:45,458 - data_preprocessing - INFO - Preprocessing 0 light curves
2025-05-19 06:13:45,458 - data_preprocessing - INFO - Preprocessed 0 light curves
2025-05-19 06:13:45,458 - data_preprocessing - INFO - Cross-matching TIC IDs with exoplanet catalogs
2025-05-19 06:13:45,461 - data_preprocessing - INFO - Found 0 unique TIC IDs in processed data
2025-05-19 06:13:45,461 - data_preprocessing - INFO - Found transit parameters for 0 TIC IDs
2025-05-19 06:13:45,461 - data_preprocessing - INFO - Extracting transit windows
2025-05-19 06:13:45,461 - data_preprocessing - INFO - Extracted 0 transit windows and 0 non-transit windows
2025-05-19 06:13:45,461 - data_preprocessing - WARNING - No window files found
2025-05-19 06:13:45,461 - data_preprocessing - INFO - Preprocessing pipeline completed
2025-05-19 06:13:45,461 - data_preprocessing - INFO - Summary: {'num_light_curves_preprocessed': 0, 'num_stars_with_transits': 0, 'num_transit_windows': 0, 'num_non_transit_windows': 0}
2025-05-19 06:13:45,464 - __main__ - INFO - Data preprocessing completed: {'num_light_curves_preprocessed': 0, 'num_stars_with_transits': 0, 'num_transit_windows': 0, 'num_non_transit_windows': 0}
2025-05-19 06:13:45,464 - __main__ - INFO - Running data validation
2025-05-19 06:13:45,465 - data_validation - INFO - Initialized DataValidator with data_dir=../data
2025-05-19 06:13:45,465 - data_validation - INFO - Starting validation process
2025-05-19 06:13:45,465 - data_validation - INFO - Validating directory structure
2025-05-19 06:13:45,465 - data_validation - INFO - Directory raw exists
2025-05-19 06:13:45,465 - data_validation - INFO - Directory processed exists
2025-05-19 06:13:45,466 - data_validation - INFO - Directory catalogs exists
2025-05-19 06:13:45,466 - data_validation - INFO - Directory transit_windows exists
2025-05-19 06:13:45,466 - data_validation - INFO - Directory non_transit_windows exists
2025-05-19 06:13:45,466 - data_validation - INFO - Validating catalogs
2025-05-19 06:13:46,453 - data_validation - INFO - Catalog confirmed_planets.csv exists with 38449 rows and 354 columns
2025-05-19 06:13:46,531 - data_validation - INFO - Catalog toi_catalog.csv exists with 7643 rows and 91 columns
2025-05-19 06:13:46,531 - data_validation - ERROR - Error validating catalog transit_parameters.csv: No columns to parse from file
2025-05-19 06:13:46,534 - data_validation - INFO - Validating light curves
2025-05-19 06:13:46,536 - data_validation - INFO - Found 0 raw light curves from 0 unique TIC IDs
2025-05-19 06:13:46,536 - data_validation - INFO - Found 0 processed light curves from 0 unique TIC IDs
2025-05-19 06:13:46,536 - data_validation - INFO - Validating transit windows
2025-05-19 06:13:46,537 - data_validation - INFO - Found 0 transit windows and 0 non-transit windows
2025-05-19 06:13:46,537 - data_validation - INFO - Plotting data distribution
2025-05-19 06:13:46,837 - data_validation - INFO - Saved data distribution plots to ../data\validation
2025-05-19 06:13:46,840 - data_validation - INFO - Plotting example light curves
2025-05-19 06:13:46,840 - data_validation - WARNING - No processed light curve files found
2025-05-19 06:13:46,840 - data_validation - INFO - Validation process completed
2025-05-19 06:13:46,840 - data_validation - INFO - Summary: {'directories_exist': True, 'catalogs_exist': True, 'raw_light_curves_count': 0, 'processed_light_curves_count': 0, 'transit_windows_count': 0, 'non_transit_windows_count': 0}
2025-05-19 06:13:46,840 - __main__ - INFO - Data validation completed
2025-05-19 06:13:46,840 - __main__ - INFO - Phase 1 pipeline completed
