2025-05-19 06:31:31,614 - __main__ - INFO - Starting Phase 1 pipeline
2025-05-19 06:31:31,614 - __main__ - INFO - Running data ingestion
2025-05-19 06:31:32,863 - data_ingestion - INFO - Initialized SyntheticLightCurveGenerator with sectors=[1, 2, 3, 4, 5]
2025-05-19 06:31:32,863 - data_ingestion - INFO - Downloading exoplanet catalogs
2025-05-19 06:31:33,974 - data_ingestion - INFO - Loaded existing confirmed planets catalog with 38449 entries
2025-05-19 06:31:34,017 - data_ingestion - INFO - Loaded existing TOI catalog with 7643 entries
2025-05-19 06:31:34,017 - data_ingestion - INFO - Generating synthetic TESS data for 5 stars
2025-05-19 06:31:34,018 - data_ingestion - INFO - Creating synthetic transit parameters catalog for 5 TIC IDs
2025-05-19 06:31:34,018 - data_ingestion - INFO - Created transit parameters catalog with 1 entries
2025-05-19 06:31:34,035 - data_ingestion - INFO - Generated light curve for TIC 22446, sector 1: ../data\raw\TIC_22446\sector_1_lc.fits
2025-05-19 06:31:34,041 - data_ingestion - INFO - Generated light curve for TIC 43500, sector 4: ../data\raw\TIC_43500\sector_4_lc.fits
2025-05-19 06:31:34,046 - data_ingestion - INFO - Generated light curve for TIC 43500, sector 5: ../data\raw\TIC_43500\sector_5_lc.fits
2025-05-19 06:31:34,049 - data_ingestion - INFO - Generated light curve for TIC 48048, sector 5: ../data\raw\TIC_48048\sector_5_lc.fits
2025-05-19 06:31:34,056 - data_ingestion - INFO - Generated light curve for TIC 50088, sector 4: ../data\raw\TIC_50088\sector_4_lc.fits
2025-05-19 06:31:34,062 - data_ingestion - INFO - Generated light curve for TIC 70469, sector 1: ../data\raw\TIC_70469\sector_1_lc.fits
2025-05-19 06:31:34,062 - data_ingestion - INFO - Synthetic data generation completed
2025-05-19 06:31:34,062 - data_ingestion - INFO - Summary: {'num_stars': 5, 'num_light_curves': 6, 'num_planets': 1, 'sectors': [1, 2, 3, 4, 5]}
2025-05-19 06:31:34,075 - __main__ - INFO - Data ingestion completed: {'num_stars': 5, 'num_light_curves': 6, 'num_planets': 1, 'sectors': [1, 2, 3, 4, 5], 'confirmed_planets_catalog_size': 38449, 'toi_catalog_size': 7643}
2025-05-19 06:31:34,075 - __main__ - INFO - Running data preprocessing
2025-05-19 06:31:35,886 - data_preprocessing - INFO - Initialized TESSDataPreprocessing with window_size_hours=5
2025-05-19 06:31:35,886 - data_preprocessing - INFO - Starting preprocessing pipeline
2025-05-19 06:31:35,886 - data_preprocessing - INFO - Preprocessing 5 light curves
2025-05-19 06:31:35,905 - data_preprocessing - ERROR - Error preprocessing light curve ../data\raw\TIC_22446\sector_1_lc.fits: Not recognized as a supported data product:
../data\raw\TIC_22446\sector_1_lc.fits
This file may be corrupt due to an interrupted download. Please remove it from your disk and try again.
2025-05-19 06:31:35,908 - data_preprocessing - ERROR - Error preprocessing light curve ../data\raw\TIC_43500\sector_4_lc.fits: Not recognized as a supported data product:
../data\raw\TIC_43500\sector_4_lc.fits
This file may be corrupt due to an interrupted download. Please remove it from your disk and try again.
2025-05-19 06:31:35,921 - data_preprocessing - ERROR - Error preprocessing light curve ../data\raw\TIC_43500\sector_5_lc.fits: Not recognized as a supported data product:
../data\raw\TIC_43500\sector_5_lc.fits
This file may be corrupt due to an interrupted download. Please remove it from your disk and try again.
2025-05-19 06:31:35,929 - data_preprocessing - ERROR - Error preprocessing light curve ../data\raw\TIC_48048\sector_5_lc.fits: Not recognized as a supported data product:
../data\raw\TIC_48048\sector_5_lc.fits
This file may be corrupt due to an interrupted download. Please remove it from your disk and try again.
2025-05-19 06:31:35,939 - data_preprocessing - ERROR - Error preprocessing light curve ../data\raw\TIC_50088\sector_4_lc.fits: Not recognized as a supported data product:
../data\raw\TIC_50088\sector_4_lc.fits
This file may be corrupt due to an interrupted download. Please remove it from your disk and try again.
2025-05-19 06:31:35,939 - data_preprocessing - INFO - Preprocessed 0 light curves
2025-05-19 06:31:35,940 - data_preprocessing - INFO - Cross-matching TIC IDs with exoplanet catalogs
2025-05-19 06:31:35,940 - data_preprocessing - INFO - Found 0 unique TIC IDs in processed data
2025-05-19 06:31:35,941 - data_preprocessing - INFO - Found transit parameters for 0 TIC IDs
2025-05-19 06:31:35,941 - data_preprocessing - INFO - Extracting transit windows
2025-05-19 06:31:35,941 - data_preprocessing - INFO - Extracted 0 transit windows and 0 non-transit windows
2025-05-19 06:31:35,943 - data_preprocessing - WARNING - No window files found
2025-05-19 06:31:35,943 - data_preprocessing - INFO - Preprocessing pipeline completed
2025-05-19 06:31:35,943 - data_preprocessing - INFO - Summary: {'num_light_curves_preprocessed': 0, 'num_stars_with_transits': 0, 'num_transit_windows': 0, 'num_non_transit_windows': 0}
2025-05-19 06:31:35,943 - __main__ - INFO - Data preprocessing completed: {'num_light_curves_preprocessed': 0, 'num_stars_with_transits': 0, 'num_transit_windows': 0, 'num_non_transit_windows': 0}
2025-05-19 06:31:35,943 - __main__ - INFO - Running data validation
2025-05-19 06:31:35,944 - data_validation - INFO - Initialized DataValidator with data_dir=../data
2025-05-19 06:31:35,944 - data_validation - INFO - Starting validation process
2025-05-19 06:31:35,944 - data_validation - INFO - Validating directory structure
2025-05-19 06:31:35,944 - data_validation - INFO - Directory raw exists
2025-05-19 06:31:35,944 - data_validation - INFO - Directory processed exists
2025-05-19 06:31:35,945 - data_validation - INFO - Directory catalogs exists
2025-05-19 06:31:35,945 - data_validation - INFO - Directory transit_windows exists
2025-05-19 06:31:35,946 - data_validation - INFO - Directory non_transit_windows exists
2025-05-19 06:31:35,946 - data_validation - INFO - Validating catalogs
2025-05-19 06:31:36,944 - data_validation - INFO - Catalog confirmed_planets.csv exists with 38449 rows and 354 columns
2025-05-19 06:31:37,012 - data_validation - INFO - Catalog toi_catalog.csv exists with 7643 rows and 91 columns
2025-05-19 06:31:37,012 - data_validation - ERROR - Error validating catalog transit_parameters.csv: No columns to parse from file
2025-05-19 06:31:37,023 - data_validation - INFO - Validating light curves
2025-05-19 06:31:37,028 - data_validation - INFO - Found 6 raw light curves from 5 unique TIC IDs
2025-05-19 06:31:37,028 - data_validation - INFO - Found 0 processed light curves from 0 unique TIC IDs
2025-05-19 06:31:37,028 - data_validation - INFO - Validating transit windows
2025-05-19 06:31:37,028 - data_validation - INFO - Found 0 transit windows and 0 non-transit windows
2025-05-19 06:31:37,029 - data_validation - INFO - Plotting data distribution
2025-05-19 06:31:37,458 - data_validation - INFO - Saved data distribution plots to ../data\validation
2025-05-19 06:31:37,458 - data_validation - INFO - Plotting example light curves
2025-05-19 06:31:37,458 - data_validation - WARNING - No processed light curve files found
2025-05-19 06:31:37,459 - data_validation - INFO - Validation process completed
2025-05-19 06:31:37,459 - data_validation - INFO - Summary: {'directories_exist': True, 'catalogs_exist': True, 'raw_light_curves_count': 6, 'processed_light_curves_count': 0, 'transit_windows_count': 0, 'non_transit_windows_count': 0}
2025-05-19 06:31:37,460 - __main__ - INFO - Data validation completed
2025-05-19 06:31:37,460 - __main__ - INFO - Phase 1 pipeline completed
